Log file open, 09/27/19 03:30:45
LogWindows: Failed to load 'aqProf.dll' (GetLastError=126)
LogWindows: File 'aqProf.dll' does not exist
LogWindows: Failed to load 'VtuneApi.dll' (GetLastError=126)
LogWindows: File 'VtuneApi.dll' does not exist
LogWindows: Failed to load 'VtuneApi32e.dll' (GetLastError=126)
LogWindows: File 'VtuneApi32e.dll' does not exist
LogInit: Display: Running engine for game: CustomShaders
LogPlatformFile: Not using cached read wrapper
LogInit: Display: RandInit(-1724615091) SRandInit(-1724615091).
LogInit: Read version file with build ID '3944462'
LogInit: Overriding engine version to CL 4033788, compatible CL 3944462
LogInit: Registered custom module enumerator with build ID '3944462'
LogTaskGraph: Started task graph with 5 named threads and 23 total threads with 3 sets of task threads.
LogStats: Stats thread started at 0.280383
LogD3D11RHI: Aftermath initialized
LogICUInternationalization: Display: ICU TimeZone Detection - Raw Offset: -5:00, Platform Override: ''
LogFileManager: Error: Error writing to file: D:/Desktop/Senior Design/CustomShaders2/CustomShadersStarter/Intermediate/Config/CoalescedSourceConfigs/Engine.ini (There is not enough space on the disk.)
LogModuleManager: Display: Found up-to-date module file ../../../Engine/Plugins/2D/Paper2D/Binaries/Win64/UE4Editor-Paper2D.dll (API version 3944462).
LogModuleManager: Display: Found up-to-date module file ../../../Engine/Plugins/2D/Paper2D/Binaries/Win64/UE4Editor-Paper2DEditor.dll (API version 3944462).
LogModuleManager: Display: Found up-to-date module file ../../../Engine/Plugins/2D/Paper2D/Binaries/Win64/UE4Editor-PaperSpriteSheetImporter.dll (API version 3944462).
LogModuleManager: Display: Found up-to-date module file ../../../Engine/Plugins/2D/Paper2D/Binaries/Win64/UE4Editor-PaperTiledImporter.dll (API version 3944462).
LogModuleManager: Display: Found up-to-date module file ../../../Engine/Plugins/2D/Paper2D/Binaries/Win64/UE4Editor-SmartSnapping.dll (API version 3944462).
LogModuleManager: Display: Found up-to-date module file ../../../Engine/Plugins/Blendables/LightPropagationVolume/Binaries/Win64/UE4Editor-LightPropagationVolumeRuntime.dll (API version 3944462).
LogModuleManager: Display: Found up-to-date module file ../../../Engine/Plugins/Blendables/LightPropagationVolume/Binaries/Win64/UE4Editor-LightPropagationVolumeEditor.dll (API version 3944462).
LogModuleManager: Display: Found up-to-date module file ../../../Engine/Plugins/Developer/CLionSourceCodeAccess/Binaries/Win64/UE4Editor-CLionSourceCodeAccess.dll (API version 3944462).
LogModuleManager: Display: Found up-to-date module file ../../../Engine/Plugins/Developer/GitSourceControl/Binaries/Win64/UE4Editor-GitSourceControl.dll (API version 3944462).
LogModuleManager: Display: Found up-to-date module file ../../../Engine/Plugins/Developer/PerforceSourceControl/Binaries/Win64/UE4Editor-PerforceSourceControl.dll (API version 3944462).
LogModuleManager: Display: Found up-to-date module file ../../../Engine/Plugins/Developer/SubversionSourceControl/Binaries/Win64/UE4Editor-SubversionSourceControl.dll (API version 3944462).
LogModuleManager: Display: Found up-to-date module file ../../../Engine/Plugins/Developer/UObjectPlugin/Binaries/Win64/UE4Editor-UObjectPlugin.dll (API version 3944462).
LogModuleManager: Display: Found up-to-date module file ../../../Engine/Plugins/Developer/VisualStudioCodeSourceCodeAccess/Binaries/Win64/UE4Editor-VisualStudioCodeSourceCodeAccess.dll (API version 3944462).
LogModuleManager: Display: Found up-to-date module file ../../../Engine/Plugins/Developer/VisualStudioSourceCodeAccess/Binaries/Win64/UE4Editor-VisualStudioSourceCodeAccess.dll (API version 3944462).
LogModuleManager: Display: Found up-to-date module file ../../../Engine/Plugins/Editor/AssetManagerEditor/Binaries/Win64/UE4Editor-AssetManagerEditor.dll (API version 3944462).
LogModuleManager: Display: Found up-to-date module file ../../../Engine/Plugins/Editor/CryptoKeys/Binaries/Win64/UE4Editor-CryptoKeys.dll (API version 3944462).
LogModuleManager: Display: Found up-to-date module file ../../../Engine/Plugins/Editor/CryptoKeys/Binaries/Win64/UE4Editor-CryptoKeysOpenSSL.dll (API version 3944462).
LogModuleManager: Display: Found up-to-date module file ../../../Engine/Plugins/Editor/DataValidation/Binaries/Win64/UE4Editor-DataValidation.dll (API version 3944462).
LogModuleManager: Display: Found up-to-date module file ../../../Engine/Plugins/Editor/FacialAnimation/Binaries/Win64/UE4Editor-FacialAnimation.dll (API version 3944462).
LogModuleManager: Display: Found up-to-date module file ../../../Engine/Plugins/Editor/FacialAnimation/Binaries/Win64/UE4Editor-FacialAnimationEditor.dll (API version 3944462).
LogModuleManager: Display: Found up-to-date module file ../../../Engine/Plugins/Editor/GameplayTagsEditor/Binaries/Win64/UE4Editor-GameplayTagsEditor.dll (API version 3944462).
LogModuleManager: Display: Found up-to-date module file ../../../Engine/Plugins/Editor/MobileLauncherProfileWizard/Binaries/Win64/UE4Editor-MobileLauncherProfileWizard.dll (API version 3944462).
LogModuleManager: Display: Found up-to-date module file ../../../Engine/Plugins/Editor/PluginBrowser/Binaries/Win64/UE4Editor-PluginBrowser.dll (API version 3944462).
LogModuleManager: Display: Found up-to-date module file ../../../Engine/Plugins/Editor/SpeedTreeImporter/Binaries/Win64/UE4Editor-SpeedTreeImporter.dll (API version 3944462).
LogModuleManager: Display: Found up-to-date module file ../../../Engine/Plugins/Enterprise/DatasmithContent/Binaries/Win64/UE4Editor-DatasmithContent.dll (API version 3944462).
LogModuleManager: Display: Found up-to-date module file ../../../Engine/Plugins/Experimental/AlembicImporter/Binaries/Win64/UE4Editor-AlembicImporter.dll (API version 3944462).
LogModuleManager: Display: Found up-to-date module file ../../../Engine/Plugins/Experimental/AlembicImporter/Binaries/Win64/UE4Editor-AlembicLibrary.dll (API version 3944462).
LogModuleManager: Display: Found up-to-date module file ../../../Engine/Plugins/Experimental/CharacterAI/Binaries/Win64/UE4Editor-CharacterAI.dll (API version 3944462).
LogModuleManager: Display: Found up-to-date module file ../../../Engine/Plugins/Experimental/HTML5Networking/Binaries/Win64/UE4Editor-HTML5Networking.dll (API version 3944462).
LogModuleManager: Display: Found up-to-date module file ../../../Engine/Plugins/Media/AndroidMedia/Binaries/Win64/UE4Editor-AndroidMediaEditor.dll (API version 3944462).
LogModuleManager: Display: Found up-to-date module file ../../../Engine/Plugins/Media/AndroidMedia/Binaries/Win64/UE4Editor-AndroidMediaFactory.dll (API version 3944462).
LogModuleManager: Display: Found up-to-date module file ../../../Engine/Plugins/Media/AvfMedia/Binaries/Win64/UE4Editor-AvfMediaEditor.dll (API version 3944462).
LogModuleManager: Display: Found up-to-date module file ../../../Engine/Plugins/Media/AvfMedia/Binaries/Win64/UE4Editor-AvfMediaFactory.dll (API version 3944462).
LogModuleManager: Display: Found up-to-date module file ../../../Engine/Plugins/Media/AvfMedia/Binaries/Win64/UE4Editor-AvfMediaFactory.dll (API version 3944462).
LogModuleManager: Display: Found up-to-date module file ../../../Engine/Plugins/Media/ImgMedia/Binaries/Win64/UE4Editor-ImgMedia.dll (API version 3944462).
LogModuleManager: Display: Found up-to-date module file ../../../Engine/Plugins/Media/ImgMedia/Binaries/Win64/UE4Editor-ImgMediaEditor.dll (API version 3944462).
LogModuleManager: Display: Found up-to-date module file ../../../Engine/Plugins/Media/ImgMedia/Binaries/Win64/UE4Editor-ImgMediaFactory.dll (API version 3944462).
LogModuleManager: Display: Found up-to-date module file ../../../Engine/Plugins/Media/ImgMedia/Binaries/Win64/UE4Editor-ImgMediaFactory.dll (API version 3944462).
LogModuleManager: Display: Found up-to-date module file ../../../Engine/Plugins/Media/ImgMedia/Binaries/Win64/UE4Editor-OpenExrWrapper.dll (API version 3944462).
LogModuleManager: Display: Found up-to-date module file ../../../Engine/Plugins/Media/LinearTimecode/Binaries/Win64/UE4Editor-LinearTimecode.dll (API version 3944462).
LogModuleManager: Display: Found up-to-date module file ../../../Engine/Plugins/Media/MediaCompositing/Binaries/Win64/UE4Editor-MediaCompositing.dll (API version 3944462).
LogModuleManager: Display: Found up-to-date module file ../../../Engine/Plugins/Media/MediaCompositing/Binaries/Win64/UE4Editor-MediaCompositingEditor.dll (API version 3944462).
LogModuleManager: Display: Found up-to-date module file ../../../Engine/Plugins/Media/MediaPlayerEditor/Binaries/Win64/UE4Editor-MediaPlayerEditor.dll (API version 3944462).
LogModuleManager: Display: Found up-to-date module file ../../../Engine/Plugins/Media/WmfMedia/Binaries/Win64/UE4Editor-WmfMedia.dll (API version 3944462).
LogModuleManager: Display: Found up-to-date module file ../../../Engine/Plugins/Media/WmfMedia/Binaries/Win64/UE4Editor-WmfMediaEditor.dll (API version 3944462).
LogModuleManager: Display: Found up-to-date module file ../../../Engine/Plugins/Media/WmfMedia/Binaries/Win64/UE4Editor-WmfMediaFactory.dll (API version 3944462).
LogModuleManager: Display: Found up-to-date module file ../../../Engine/Plugins/Media/WmfMedia/Binaries/Win64/UE4Editor-WmfMediaFactory.dll (API version 3944462).
LogModuleManager: Display: Found up-to-date module file ../../../Engine/Plugins/Messaging/TcpMessaging/Binaries/Win64/UE4Editor-TcpMessaging.dll (API version 3944462).
LogModuleManager: Display: Found up-to-date module file ../../../Engine/Plugins/Messaging/UdpMessaging/Binaries/Win64/UE4Editor-UdpMessaging.dll (API version 3944462).
LogModuleManager: Display: Found up-to-date module file ../../../Engine/Plugins/MovieScene/ActorSequence/Binaries/Win64/UE4Editor-ActorSequence.dll (API version 3944462).
LogModuleManager: Display: Found up-to-date module file ../../../Engine/Plugins/MovieScene/LevelSequenceEditor/Binaries/Win64/UE4Editor-LevelSequenceEditor.dll (API version 3944462).
LogModuleManager: Display: Found up-to-date module file ../../../Engine/Plugins/MovieScene/MatineeToLevelSequence/Binaries/Win64/UE4Editor-MatineeToLevelSequence.dll (API version 3944462).
LogModuleManager: Display: Found up-to-date module file ../../../Engine/Plugins/NetcodeUnitTest/NetcodeUnitTest/Binaries/Win64/UE4Editor-NetcodeUnitTest.dll (API version 3944462).
LogModuleManager: Display: Found up-to-date module file ../../../Engine/Plugins/NetcodeUnitTest/NUTUnrealEngine4/Binaries/Win64/UE4Editor-NUTUnrealEngine4.dll (API version 3944462).
LogModuleManager: Display: Found up-to-date module file ../../../Engine/Plugins/Online/OnlineSubsystem/Binaries/Win64/UE4Editor-OnlineSubsystem.dll (API version 3944462).
LogModuleManager: Display: Found up-to-date module file ../../../Engine/Plugins/Runtime/AndroidPermission/Binaries/Win64/UE4Editor-AndroidPermission.dll (API version 3944462).
LogModuleManager: Display: Found up-to-date module file ../../../Engine/Plugins/Online/OnlineSubsystemNull/Binaries/Win64/UE4Editor-OnlineSubsystemNull.dll (API version 3944462).
LogModuleManager: Display: Found up-to-date module file ../../../Engine/Plugins/Online/OnlineSubsystemUtils/Binaries/Win64/UE4Editor-OnlineSubsystemUtils.dll (API version 3944462).
LogModuleManager: Display: Found up-to-date module file ../../../Engine/Plugins/Online/OnlineSubsystemUtils/Binaries/Win64/UE4Editor-OnlineBlueprintSupport.dll (API version 3944462).
LogModuleManager: Display: Found up-to-date module file ../../../Engine/Plugins/Runtime/AndroidDeviceProfileSelector/Binaries/Win64/UE4Editor-AndroidDeviceProfileSelector.dll (API version 3944462).
LogModuleManager: Display: Found up-to-date module file ../../../Engine/Plugins/Runtime/AppleARKit/Binaries/Win64/UE4Editor-AppleARKit.dll (API version 3944462).
LogModuleManager: Display: Found up-to-date module file ../../../Engine/Plugins/Runtime/ProceduralMeshComponent/Binaries/Win64/UE4Editor-ProceduralMeshComponent.dll (API version 3944462).
LogModuleManager: Display: Found up-to-date module file ../../../Engine/Plugins/Runtime/ProceduralMeshComponent/Binaries/Win64/UE4Editor-ProceduralMeshComponentEditor.dll (API version 3944462).
LogModuleManager: Display: Found up-to-date module file ../../../Engine/Plugins/Animation/LiveLink/Binaries/Win64/UE4Editor-LiveLink.dll (API version 3944462).
LogModuleManager: Display: Found up-to-date module file ../../../Engine/Plugins/Animation/LiveLink/Binaries/Win64/UE4Editor-LiveLinkEditor.dll (API version 3944462).
LogModuleManager: Display: Found up-to-date module file ../../../Engine/Plugins/Runtime/ArchVisCharacter/Binaries/Win64/UE4Editor-ArchVisCharacter.dll (API version 3944462).
LogModuleManager: Display: Found up-to-date module file ../../../Engine/Plugins/Runtime/AudioCapture/Binaries/Win64/UE4Editor-AudioCapture.dll (API version 3944462).
LogModuleManager: Display: Found up-to-date module file ../../../Engine/Plugins/Runtime/AudioCapture/Binaries/Win64/UE4Editor-AudioCaptureEditor.dll (API version 3944462).
LogModuleManager: Display: Found up-to-date module file ../../../Engine/Plugins/Runtime/CableComponent/Binaries/Win64/UE4Editor-CableComponent.dll (API version 3944462).
LogModuleManager: Display: Found up-to-date module file ../../../Engine/Plugins/Runtime/CustomMeshComponent/Binaries/Win64/UE4Editor-CustomMeshComponent.dll (API version 3944462).
LogModuleManager: Display: Found up-to-date module file ../../../Engine/Plugins/Runtime/ExampleDeviceProfileSelector/Binaries/Win64/UE4Editor-ExampleDeviceProfileSelector.dll (API version 3944462).
LogModuleManager: Display: Found up-to-date module file ../../../Engine/Plugins/Runtime/ImmediatePhysics/Binaries/Win64/UE4Editor-ImmediatePhysics.dll (API version 3944462).
LogModuleManager: Display: Found up-to-date module file ../../../Engine/Plugins/Runtime/ImmediatePhysics/Binaries/Win64/UE4Editor-ImmediatePhysicsEditor.dll (API version 3944462).
LogModuleManager: Display: Found up-to-date module file ../../../Engine/Plugins/Runtime/LocationServicesBPLibrary/Binaries/Win64/UE4Editor-LocationServicesBPLibrary.dll (API version 3944462).
LogModuleManager: Display: Found up-to-date module file ../../../Engine/Plugins/Runtime/MobilePatchingUtils/Binaries/Win64/UE4Editor-MobilePatchingUtils.dll (API version 3944462).
LogModuleManager: Display: Found up-to-date module file ../../../Engine/Plugins/Runtime/Oculus/OculusVR/Binaries/Win64/UE4Editor-OculusHMD.dll (API version 3944462).
LogModuleManager: Display: Found up-to-date module file ../../../Engine/Plugins/Runtime/Oculus/OculusVR/Binaries/Win64/UE4Editor-OculusInput.dll (API version 3944462).
LogModuleManager: Display: Found up-to-date module file ../../../Engine/Plugins/Runtime/Oculus/OculusVR/Binaries/Win64/UE4Editor-OculusEditor.dll (API version 3944462).
LogModuleManager: Display: Found up-to-date module file ../../../Engine/Plugins/Runtime/PhysXVehicles/Binaries/Win64/UE4Editor-PhysXVehicles.dll (API version 3944462).
LogModuleManager: Display: Found up-to-date module file ../../../Engine/Plugins/Runtime/PhysXVehicles/Binaries/Win64/UE4Editor-PhysXVehiclesEditor.dll (API version 3944462).
LogModuleManager: Display: Found up-to-date module file ../../../Engine/Plugins/Runtime/RuntimePhysXCooking/Binaries/Win64/UE4Editor-RuntimePhysXCooking.dll (API version 3944462).
LogModuleManager: Display: Found up-to-date module file ../../../Engine/Plugins/Runtime/Steam/SteamVR/Binaries/Win64/UE4Editor-SteamVR.dll (API version 3944462).
LogModuleManager: Display: Found up-to-date module file ../../../Engine/Plugins/Runtime/Steam/SteamVR/Binaries/Win64/UE4Editor-SteamVRController.dll (API version 3944462).
LogModuleManager: Display: Found up-to-date module file ../../../Engine/Plugins/Runtime/WindowsMoviePlayer/Binaries/Win64/UE4Editor-WindowsMoviePlayer.dll (API version 3944462).
LogPluginManager: Mounting plugin Paper2D
LogPluginManager: Mounting plugin LiveLink
LogPluginManager: Mounting plugin LightPropagationVolume
LogPluginManager: Mounting plugin CLionSourceCodeAccess
LogPluginManager: Mounting plugin CodeLiteSourceCodeAccess
LogPluginManager: Mounting plugin GitSourceControl
LogPluginManager: Mounting plugin KDevelopSourceCodeAccess
LogPluginManager: Mounting plugin NullSourceCodeAccess
LogPluginManager: Mounting plugin PerforceSourceControl
LogPluginManager: Mounting plugin SubversionSourceControl
LogPluginManager: Mounting plugin UObjectPlugin
LogPluginManager: Mounting plugin VisualStudioCodeSourceCodeAccess
LogPluginManager: Mounting plugin VisualStudioSourceCodeAccess
LogPluginManager: Mounting plugin XCodeSourceCodeAccess
LogPluginManager: Mounting plugin AssetManagerEditor
LogPluginManager: Mounting plugin CryptoKeys
LogPluginManager: Mounting plugin DataValidation
LogPluginManager: Mounting plugin FacialAnimation
LogPluginManager: Mounting plugin GameplayTagsEditor
LogPluginManager: Mounting plugin MobileLauncherProfileWizard
LogPluginManager: Mounting plugin PluginBrowser
LogPluginManager: Mounting plugin SpeedTreeImporter
LogPluginManager: Mounting plugin DatasmithContent
LogPluginManager: Mounting plugin AlembicImporter
LogPluginManager: Mounting plugin CharacterAI
LogPluginManager: Mounting plugin HTML5Networking
LogPluginManager: Mounting plugin AndroidMedia
LogPluginManager: Mounting plugin AvfMedia
LogPluginManager: Mounting plugin ImgMedia
LogPluginManager: Mounting plugin LinearTimecode
LogPluginManager: Mounting plugin MediaCompositing
LogPluginManager: Mounting plugin MediaPlayerEditor
LogPluginManager: Mounting plugin WmfMedia
LogPluginManager: Mounting plugin TcpMessaging
LogPluginManager: Mounting plugin UdpMessaging
LogPluginManager: Mounting plugin ActorSequence
LogPluginManager: Mounting plugin LevelSequenceEditor
LogPluginManager: Mounting plugin MatineeToLevelSequence
LogPluginManager: Mounting plugin NetcodeUnitTest
LogPluginManager: Mounting plugin NUTUnrealEngine4
LogPluginManager: Mounting plugin OnlineSubsystemGooglePlay
LogPluginManager: Mounting plugin OnlineSubsystemIOS
LogPluginManager: Mounting plugin OnlineSubsystem
LogPluginManager: Mounting plugin OnlineSubsystemNull
LogPluginManager: Mounting plugin OnlineSubsystemUtils
LogPluginManager: Mounting plugin AndroidDeviceProfileSelector
LogPluginManager: Mounting plugin AndroidMoviePlayer
LogPluginManager: Mounting plugin AndroidPermission
LogPluginManager: Mounting plugin AppleARKit
LogPluginManager: Mounting plugin AppleMoviePlayer
LogPluginManager: Mounting plugin ArchVisCharacter
LogPluginManager: Mounting plugin AudioCapture
LogPluginManager: Mounting plugin CableComponent
LogPluginManager: Mounting plugin CustomMeshComponent
LogPluginManager: Mounting plugin ExampleDeviceProfileSelector
LogPluginManager: Mounting plugin GoogleCloudMessaging
LogPluginManager: Mounting plugin ImmediatePhysics
LogPluginManager: Mounting plugin IOSDeviceProfileSelector
LogPluginManager: Mounting plugin LinuxDeviceProfileSelector
LogPluginManager: Mounting plugin LocationServicesBPLibrary
LogPluginManager: Mounting plugin MobilePatchingUtils
LogPluginManager: Mounting plugin OculusVR
LogPluginManager: Plugin shader directory ../../../Engine/Plugins/Runtime/Oculus/OculusVR/Shaders found
LogPluginManager: Mapping shader source directory ../../../Engine/Plugins/Runtime/Oculus/OculusVR/Shaders to virtual directory /Plugin/OculusVR
LogPluginManager: Mounting plugin PhysXVehicles
LogPluginManager: Mounting plugin ProceduralMeshComponent
LogPluginManager: Mounting plugin RuntimePhysXCooking
LogPluginManager: Mounting plugin SteamVR
LogPluginManager: Mounting plugin WindowsMoviePlayer
LogStreaming: Display: Took  1.348s to configure plugins.
LogInit: Using libcurl 7.47.1
LogInit:  - built for x86_64-pc-win32
LogInit:  - supports SSL with OpenSSL/1.0.2g
LogInit:  - supports HTTP deflate (compression) using libz 1.2.8
LogInit:  - other features:
LogInit:      CURL_VERSION_SSL
LogInit:      CURL_VERSION_LIBZ
LogInit:      CURL_VERSION_IPV6
LogInit:      CURL_VERSION_ASYNCHDNS
LogInit:      CURL_VERSION_LARGEFILE
LogInit:      CURL_VERSION_IDN
LogInit:  CurlRequestOptions (configurable via config and command line):
LogInit:  - bVerifyPeer = false  - Libcurl will NOT verify peer certificate
LogInit:  - bUseHttpProxy = false  - Libcurl will NOT use HTTP proxy
LogInit:  - bDontReuseConnections = false  - Libcurl will reuse connections
LogInit:  - CertBundlePath = nullptr  - Libcurl will use whatever was configured at build time.
LogInit:  - MaxHostConnections = 16  - Libcurl will limit the number of connections to a host
LogInit:  - LocalHostAddr = Default
LogInit: WinSock: version 1.1 (2.2), MaxSocks=32767, MaxUdp=65467
LogInit: WinSock: I am MSI (192.168.137.1:0)
LogInit: Build: ++UE4+Release-4.19-CL-4033788
LogInit: Engine Version: 4.19.2-4033788+++UE4+Release-4.19
LogInit: Compatible Engine Version: 4.19.0-3944462+++UE4+Release-4.19
LogInit: Net CL: 3944462
LogDevObjectVersion: Number of dev versions registered: 18
LogDevObjectVersion:   Dev-Blueprints (B0D832E4-1F89-4F0D-ACCF-7EB736FD4AA2): 10
LogDevObjectVersion:   Dev-Build (E1C64328-A22C-4D53-A36C-8E866417BD8C): 0
LogDevObjectVersion:   Dev-Core (375EC13C-06E4-48FB-B500-84F0262A717E): 2
LogDevObjectVersion:   Dev-Editor (E4B068ED-F494-42E9-A231-DA0B2E46BB41): 23
LogDevObjectVersion:   Dev-Framework (CFFC743F-43B0-4480-9391-14DF171D2073): 33
LogDevObjectVersion:   Dev-Mobile (B02B49B5-BB20-44E9-A304-32B752E40360): 2
LogDevObjectVersion:   Dev-Networking (A4E4105C-59A1-49B5-A7C5-40C4547EDFEE): 0
LogDevObjectVersion:   Dev-Online (39C831C9-5AE6-47DC-9A44-9C173E1C8E7C): 0
LogDevObjectVersion:   Dev-Physics (78F01B33-EBEA-4F98-B9B4-84EACCB95AA2): 0
LogDevObjectVersion:   Dev-Platform (6631380F-2D4D-43E0-8009-CF276956A95A): 0
LogDevObjectVersion:   Dev-Rendering (12F88B9F-8875-4AFC-A67C-D90C383ABD29): 25
LogDevObjectVersion:   Dev-Sequencer (7B5AE74C-D270-4C10-A958-57980B212A5A): 6
LogDevObjectVersion:   Dev-VR (D7296918-1DD6-4BDD-9DE2-64A83CC13884): 1
LogDevObjectVersion:   Dev-LoadTimes (C2A15278-BFE7-4AFE-6C17-90FF531DF755): 1
LogDevObjectVersion:   Private-Geometry (6EACA3D4-40EC-4CC1-B786-8BED09428FC5): 2
LogDevObjectVersion:   Dev-AnimPhys (29E575DD-E0A3-4627-9D10-D276232CDCEA): 16
LogDevObjectVersion:   Dev-ReflectionCapture (6B266CEC-1EC7-4B8F-A30B-E4D90942FC07): 1
LogDevObjectVersion:   Dev-Automation (0DF73D61-A23F-47EA-B727-89E90C41499A): 1
LogInit: Compiled (64-bit): Apr 27 2018 02:06:57
LogInit: Compiled with Visual C++: 19.00.24215.01
LogInit: Build Configuration: Development
LogInit: Branch Name: ++UE4+Release-4.19
LogInit: Command Line:  
LogInit: Base Directory: C:/Program Files/Epic Games/UE_4.19/Engine/Binaries/Win64/
LogInit: Installed Engine Build: 1
LogStreaming: Display: Took  0.001s to delete old logs.
LogInit: Presizing for max 8388607 objects, including 0 objects not considered by GC, pre-allocating 0 bytes for permanent pool.
LogInit: Object subsystem initialized
[2019.09.27-07.30.47:345][  0]LogInit: Selected Device Profile: [Windows]
[2019.09.27-07.30.47:345][  0]LogInit: Applying CVar settings loaded from the selected device profile: [Windows]
[2019.09.27-07.30.47:372][  0]LogInit: Computer: MSI
[2019.09.27-07.30.47:372][  0]LogInit: User: nmaga
[2019.09.27-07.30.47:372][  0]LogInit: CPU Page size=4096, Cores=4
[2019.09.27-07.30.47:372][  0]LogInit: High frequency timer resolution =2.250002 MHz
[2019.09.27-07.30.47:373][  0]LogMemory: Memory total: Physical=7.9GB (8GB approx)
[2019.09.27-07.30.47:373][  0]LogMemory: Platform Memory Stats for Windows
[2019.09.27-07.30.47:373][  0]LogMemory: Process Physical Memory: 274.39 MB used, 274.39 MB peak
[2019.09.27-07.30.47:373][  0]LogMemory: Process Virtual Memory: 264.86 MB used, 264.86 MB peak
[2019.09.27-07.30.47:373][  0]LogMemory: Physical Memory: 6025.91 MB used,  2013.50 MB free, 8039.41 MB total
[2019.09.27-07.30.47:373][  0]LogMemory: Virtual Memory: 4796.80 MB used,  2013.50 MB free, 134217728.00 MB total
[2019.09.27-07.30.47:394][  0]LogInit: Using OS detected language (en-US).
[2019.09.27-07.30.47:394][  0]LogInit: Using OS detected locale (en-US).
[2019.09.27-07.30.47:451][  0]LogTextLocalizationManager: No specific localization for 'en-US' exists, so the 'en' localization will be used.
[2019.09.27-07.30.47:870][  0]LogStreaming: Display: Took  0.477s to EndInitTextLocalization.
[2019.09.27-07.30.47:870][  0]LogInit: Setting process to per monitor DPI aware
[2019.09.27-07.30.47:963][  0]LogSlate: New Slate User Created.  User Index 0, Is Virtual User: 0
[2019.09.27-07.30.47:963][  0]LogSlate: Slate User Registered.  User Index 0, Is Virtual User: 0
[2019.09.27-07.30.49:509][  0]LogD3D11RHI: D3D11 adapters:
[2019.09.27-07.30.49:985][  0]LogD3D11RHI:    0. 'NVIDIA GeForce GTX 1050' (Feature Level 11_0)
[2019.09.27-07.30.49:985][  0]LogD3D11RHI:       1979/0/4019 MB DedicatedVideo/DedicatedSystem/SharedSystem, Outputs:1, VendorId:0x10de
[2019.09.27-07.30.50:002][  0]LogD3D11RHI:    1. 'Intel(R) UHD Graphics 630' (Feature Level 11_0)
[2019.09.27-07.30.50:002][  0]LogD3D11RHI:       128/0/4019 MB DedicatedVideo/DedicatedSystem/SharedSystem, Outputs:0, VendorId:0x8086
[2019.09.27-07.30.50:005][  0]LogD3D11RHI:    2. 'Microsoft Basic Render Driver' (Feature Level 11_0)
[2019.09.27-07.30.50:005][  0]LogD3D11RHI:       0/0/4019 MB DedicatedVideo/DedicatedSystem/SharedSystem, Outputs:0, VendorId:0x1414
[2019.09.27-07.30.50:005][  0]LogD3D11RHI: Chosen D3D11 Adapter: 0
[2019.09.27-07.30.50:027][  0]LogD3D11RHI: Creating new Direct3DDevice
[2019.09.27-07.30.50:027][  0]LogD3D11RHI:     GPU DeviceId: 0x1c8d (for the marketing name, search the web for "GPU Device Id")
[2019.09.27-07.30.50:027][  0]LogWindows: EnumDisplayDevices:
[2019.09.27-07.30.50:028][  0]LogWindows:    0. 'Intel(R) UHD Graphics 630' (P:1 D:1)
[2019.09.27-07.30.50:028][  0]LogWindows:    1. 'Intel(R) UHD Graphics 630' (P:0 D:0)
[2019.09.27-07.30.50:028][  0]LogWindows:    2. 'Intel(R) UHD Graphics 630' (P:0 D:0)
[2019.09.27-07.30.50:028][  0]LogWindows: DebugString: GetVideoDriverDetailsInvalid PrimaryIsNotTheChoosenAdapter GetVideoDriverDetailsInvalid PrimaryIsNotTheChoosenAdapter GetVideoDriverDetailsInvalid PrimaryIsNotTheChoosenAdapter FoundDriverCount:0 
[2019.09.27-07.30.50:028][  0]LogD3D11RHI:     Adapter Name: NVIDIA GeForce GTX 1050
[2019.09.27-07.30.50:028][  0]LogD3D11RHI:   Driver Version: Unknown (internal:Unknown, unified:Unknown)
[2019.09.27-07.30.50:028][  0]LogD3D11RHI:      Driver Date: Unknown
[2019.09.27-07.30.50:028][  0]LogRHI: Texture pool is 1385 MB (70% of 1979 MB)
[2019.09.27-07.30.50:067][  0]LogD3D11RHI: [Aftermath] Aftermath enabled and primed
[2019.09.27-07.30.50:067][  0]LogD3D11RHI: [Aftermath] Aftermath enabled and primed
[2019.09.27-07.30.50:067][  0]LogD3D11RHI: Async texture creation enabled
[2019.09.27-07.30.50:078][  0]LogD3D11RHI: GPU Timing Frequency: 1000.000000 (Debug: 2 1)
[2019.09.27-07.30.50:079][  0]LogShaderCompilers: Guid format shader working directory is -14 characters bigger than the processId version (D:/Desktop/Senior Design/CustomShaders2/CustomShadersStarter/Intermediate/Shaders/WorkingDirectory/9996/).
[2019.09.27-07.30.50:079][  0]LogShaderCompilers: Cleaned the shader compiler working directory 'C:/Users/nmaga/AppData/Local/Temp/UnrealShaderWorkingDir/EC3391CF4E74B2DF29365A821B3DE278/'.
[2019.09.27-07.30.50:511][  0]LogTemp: Display: Loaded TP AllDesktopTargetPlatform
[2019.09.27-07.30.50:523][  0]LogTemp: Display: Loaded TP MacClientTargetPlatform
[2019.09.27-07.30.50:540][  0]LogTemp: Display: Loaded TP MacNoEditorTargetPlatform
[2019.09.27-07.30.50:552][  0]LogTemp: Display: Loaded TP MacServerTargetPlatform
[2019.09.27-07.30.50:580][  0]LogTemp: Display: Loaded TP MacTargetPlatform
[2019.09.27-07.30.50:592][  0]LogTemp: Display: Loaded TP WindowsClientTargetPlatform
[2019.09.27-07.30.50:604][  0]LogTemp: Display: Loaded TP WindowsNoEditorTargetPlatform
[2019.09.27-07.30.50:616][  0]LogTemp: Display: Loaded TP WindowsServerTargetPlatform
[2019.09.27-07.30.50:622][  0]LogTemp: Display: Loaded TP WindowsTargetPlatform
[2019.09.27-07.30.50:632][  0]LogTemp: Display: Loaded TP Android_ASTCTargetPlatform
[2019.09.27-07.30.50:642][  0]LogTemp: Display: Loaded TP Android_ATCTargetPlatform
[2019.09.27-07.30.50:655][  0]LogTemp: Display: Loaded TP Android_DXTTargetPlatform
[2019.09.27-07.30.50:665][  0]LogTemp: Display: Loaded TP Android_ETC1aTargetPlatform
[2019.09.27-07.30.50:675][  0]LogTemp: Display: Loaded TP Android_ETC1TargetPlatform
[2019.09.27-07.30.50:685][  0]LogTemp: Display: Loaded TP Android_ETC2TargetPlatform
[2019.09.27-07.30.50:706][  0]LogTemp: Display: Loaded TP Android_MultiTargetPlatform
[2019.09.27-07.30.50:707][  0]LogTemp: Display: Loaded TP Android_PVRTCTargetPlatform
[2019.09.27-07.30.50:735][  0]LogTemp: Display: Loaded TP AndroidTargetPlatform
[2019.09.27-07.30.50:736][  0]LogTemp: Display: Loaded TP HTML5TargetPlatform
[2019.09.27-07.30.50:789][  0]LogTemp: Display: Loaded TP IOSTargetPlatform
[2019.09.27-07.30.50:799][  0]LogTemp: Display: Loaded TP TVOSTargetPlatform
[2019.09.27-07.30.50:808][  0]LogTemp: Display: Loaded TP LinuxClientTargetPlatform
[2019.09.27-07.30.50:819][  0]LogTemp: Display: Loaded TP LinuxNoEditorTargetPlatform
[2019.09.27-07.30.50:829][  0]LogTemp: Display: Loaded TP LinuxServerTargetPlatform
[2019.09.27-07.30.50:844][  0]LogTemp: Display: Loaded TP LinuxTargetPlatform
[2019.09.27-07.30.50:844][  0]LogTargetPlatformManager: Display: Building Assets For Windows
[2019.09.27-07.30.50:975][  0]LogXGEController: Cannot use XGE Controller as Incredibuild is not installed on this machine.
[2019.09.27-07.30.50:975][  0]LogShaderCompilers: Cannot use XGE Shader Compiler as Incredibuild is not installed on this machine.
[2019.09.27-07.30.50:975][  0]LogShaderCompilers: Display: Using Local Shader Compiler.
[2019.09.27-07.30.51:642][  0]LogDerivedDataCache: Display: Max Cache Size: 512 MB
[2019.09.27-07.30.51:994][  0]LogDerivedDataCache: Loaded boot cache 0.35s 74MB C:/Users/nmaga/AppData/Local/UnrealEngine/4.19/DerivedDataCache/Boot.ddc.
[2019.09.27-07.30.51:994][  0]LogDerivedDataCache: Display: Loaded Boot cache: C:/Users/nmaga/AppData/Local/UnrealEngine/4.19/DerivedDataCache/Boot.ddc
[2019.09.27-07.30.51:994][  0]LogDerivedDataCache: FDerivedDataBackendGraph:  Pak pak cache file D:/Desktop/Senior Design/CustomShaders2/CustomShadersStarter/DerivedDataCache/DDC.ddp not found, will not use a pak cache.
[2019.09.27-07.30.51:994][  0]LogDerivedDataCache: Unable to find inner node Pak for hierarchical cache Hierarchy.
[2019.09.27-07.30.51:994][  0]LogDerivedDataCache: FDerivedDataBackendGraph:  CompressedPak pak cache file D:/Desktop/Senior Design/CustomShaders2/CustomShadersStarter/DerivedDataCache/Compressed.ddp not found, will not use a pak cache.
[2019.09.27-07.30.51:994][  0]LogDerivedDataCache: Unable to find inner node CompressedPak for hierarchical cache Hierarchy.
[2019.09.27-07.30.52:007][  0]LogDerivedDataCache: Display: Pak cache opened for reading ../../../Engine/DerivedDataCache/Compressed.ddp.
[2019.09.27-07.30.52:020][  0]LogDerivedDataCache: Using Local data cache path C:/Users/nmaga/AppData/Local/UnrealEngine/Common/DerivedDataCache: Writable
[2019.09.27-07.30.52:020][  0]LogDerivedDataCache: Shared data cache path not found in *engine.ini, will not use an Shared cache.
[2019.09.27-07.30.52:020][  0]LogDerivedDataCache: Unable to find inner node Shared for hierarchical cache Hierarchy.
[2019.09.27-07.30.52:030][  0]LogMaterial: Verifying Global Shaders for PCD3D_SM5
[2019.09.27-07.30.52:030][  0]LogSlate: Using Freetype 2.6.0
[2019.09.27-07.30.52:044][  0]LogSlate: SlateFontCache - WITH_FREETYPE: 1, WITH_HARFBUZZ: 1
[2019.09.27-07.30.52:044][  0]LogSlate: SlateFontCache - WITH_FREETYPE: 1, WITH_HARFBUZZ: 1
[2019.09.27-07.30.52:302][  0]LogAssetRegistry: FAssetRegistry took 0.0252 seconds to start up
[2019.09.27-07.30.52:576][  0]LogAssetRegistry: Error: Failed to open file for write D:/Desktop/Senior Design/CustomShaders2/CustomShadersStarter/Intermediate/CachedAssetRegistry.bin
[2019.09.27-07.30.52:576][  0]LogInit: Selected Device Profile: [Windows]
[2019.09.27-07.30.52:724][  0]LogSimplygon: Simplygon DLL not present - disabling.
[2019.09.27-07.30.52:727][  0]LogMeshReduction: Using SimplygonSwarm for distributed automatic mesh merging
[2019.09.27-07.30.52:727][  0]LogMeshReduction: Using QuadricMeshReduction for automatic static mesh reduction
[2019.09.27-07.30.52:727][  0]LogMeshReduction: No automatic skeletal mesh reduction module available
[2019.09.27-07.30.52:727][  0]LogMeshReduction: No automatic mesh merging module available
[2019.09.27-07.30.52:727][  0]LogMeshMerging: No automatic mesh merging module available
[2019.09.27-07.30.52:763][  0]LogNetVersion: CustomShaders , NetCL: 3944462, EngineNetVer: 2, GameNetVer: 0 (Checksum: 1926741155)
[2019.09.27-07.30.53:120][  0]LogAssetRegistry: Error: Failed to open file for write D:/Desktop/Senior Design/CustomShaders2/CustomShadersStarter/Intermediate/AssetRegistryCache/5a627529.bin
[2019.09.27-07.30.53:123][  0]LogAssetRegistry: Error: Failed to open file for write D:/Desktop/Senior Design/CustomShaders2/CustomShadersStarter/Intermediate/AssetRegistryCache/2657c409.bin
[2019.09.27-07.30.53:125][  0]LogAssetRegistry: Error: Failed to open file for write D:/Desktop/Senior Design/CustomShaders2/CustomShadersStarter/Intermediate/AssetRegistryCache/1d5167fa.bin
[2019.09.27-07.30.53:127][  0]LogAssetRegistry: Error: Failed to open file for write D:/Desktop/Senior Design/CustomShaders2/CustomShadersStarter/Intermediate/AssetRegistryCache/866581fd.bin
[2019.09.27-07.30.53:129][  0]LogAssetRegistry: Error: Failed to open file for write D:/Desktop/Senior Design/CustomShaders2/CustomShadersStarter/Intermediate/AssetRegistryCache/94c5d5a7.bin
[2019.09.27-07.30.53:131][  0]LogAssetRegistry: Error: Failed to open file for write D:/Desktop/Senior Design/CustomShaders2/CustomShadersStarter/Intermediate/AssetRegistryCache/8c0e1344.bin
[2019.09.27-07.30.53:132][  0]LogAssetRegistry: Error: Failed to open file for write D:/Desktop/Senior Design/CustomShaders2/CustomShadersStarter/Intermediate/AssetRegistryCache/29c3675e.bin
[2019.09.27-07.30.53:134][  0]LogAssetRegistry: Error: Failed to open file for write D:/Desktop/Senior Design/CustomShaders2/CustomShadersStarter/Intermediate/AssetRegistryCache/c9e91a3f.bin
[2019.09.27-07.30.53:136][  0]LogAssetRegistry: Error: Failed to open file for write D:/Desktop/Senior Design/CustomShaders2/CustomShadersStarter/Intermediate/AssetRegistryCache/995fc7f5.bin
[2019.09.27-07.30.53:137][  0]LogAssetRegistry: Error: Failed to open file for write D:/Desktop/Senior Design/CustomShaders2/CustomShadersStarter/Intermediate/AssetRegistryCache/50a675f9.bin
[2019.09.27-07.30.53:139][  0]LogAssetRegistry: Error: Failed to open file for write D:/Desktop/Senior Design/CustomShaders2/CustomShadersStarter/Intermediate/AssetRegistryCache/44c3f9c9.bin
[2019.09.27-07.30.53:141][  0]LogAssetRegistry: Error: Failed to open file for write D:/Desktop/Senior Design/CustomShaders2/CustomShadersStarter/Intermediate/AssetRegistryCache/52ed2538.bin
[2019.09.27-07.30.53:142][  0]LogAssetRegistry: Error: Failed to open file for write D:/Desktop/Senior Design/CustomShaders2/CustomShadersStarter/Intermediate/AssetRegistryCache/50d6f4e0.bin
[2019.09.27-07.30.53:144][  0]LogAssetRegistry: Error: Failed to open file for write D:/Desktop/Senior Design/CustomShaders2/CustomShadersStarter/Intermediate/AssetRegistryCache/2f5244c7.bin
[2019.09.27-07.30.53:146][  0]LogAssetRegistry: Error: Failed to open file for write D:/Desktop/Senior Design/CustomShaders2/CustomShadersStarter/Intermediate/AssetRegistryCache/cef2e191.bin
[2019.09.27-07.30.53:147][  0]LogAssetRegistry: Error: Failed to open file for write D:/Desktop/Senior Design/CustomShaders2/CustomShadersStarter/Intermediate/AssetRegistryCache/f0d5030c.bin
[2019.09.27-07.30.53:149][  0]LogAssetRegistry: Error: Failed to open file for write D:/Desktop/Senior Design/CustomShaders2/CustomShadersStarter/Intermediate/AssetRegistryCache/bf121eca.bin
[2019.09.27-07.30.53:151][  0]LogAssetRegistry: Error: Failed to open file for write D:/Desktop/Senior Design/CustomShaders2/CustomShadersStarter/Intermediate/AssetRegistryCache/1f683343.bin
[2019.09.27-07.30.53:152][  0]LogPackageLocalizationCache: Processed 9 localized package path(s) for 2 prioritized culture(s) in 0.031945 seconds
[2019.09.27-07.30.53:156][  0]LogUObjectArray: 36728 objects as part of root set at end of initial load.
[2019.09.27-07.30.53:156][  0]LogUObjectAllocator: 7314312 out of 0 bytes used by permanent object pool.
[2019.09.27-07.30.53:156][  0]LogUObjectArray: CloseDisregardForGC: 0/0 objects in disregard for GC pool
[2019.09.27-07.30.59:882][  0]LogTcpMessaging: Initializing TcpMessaging bridge
[2019.09.27-07.30.59:930][  0]LogUdpMessaging: Initializing bridge on interface 0.0.0.0:0 to multicast group 230.0.0.1:6666.
[2019.09.27-07.31.00:443][  0]SourceControl: Source control is disabled
[2019.09.27-07.31.00:443][  0]SourceControl: Source control is disabled
[2019.09.27-07.31.00:465][  0]SourceControl: Source control is disabled
[2019.09.27-07.31.00:487][  0]SourceControl: Source control is disabled
[2019.09.27-07.31.01:106][  0]LogAndroidPermission: UAndroidPermissionCallbackProxy::GetInstance
[2019.09.27-07.31.01:302][  0]LogOcInput: OculusInput pre-init called
[2019.09.27-07.31.01:447][  0]LogEngine: Initializing Engine...
[2019.09.27-07.31.01:449][  0]LogHMD: Failed to initialize OpenVR with code 110
[2019.09.27-07.31.01:451][  0]LogStats: UGameplayTagsManager::ConstructGameplayTagTree: Construct from data asset -  0.000 s
[2019.09.27-07.31.01:451][  0]LogStats: UGameplayTagsManager::ConstructGameplayTagTree: GameplayTagTreeChangedEvent.Broadcast -  0.000 s
[2019.09.27-07.31.01:653][  0]LogAIModule: Creating AISystem for world Untitled
[2019.09.27-07.31.01:720][  0]LogInit: XAudio2 using 'Speakers (Realtek(R) Audio)' : 2 channels at 48 kHz using 32 bits per sample (channel mask 0x3)
[2019.09.27-07.31.01:749][  0]LogInit: FAudioDevice initialized.
[2019.09.27-07.31.01:884][  0]LogDerivedDataCache: Saved boot cache 0.13s 74MB C:/Users/nmaga/AppData/Local/UnrealEngine/4.19/DerivedDataCache/Boot.ddc.
[2019.09.27-07.31.01:898][  0]LogInit: Texture streaming: Enabled
[2019.09.27-07.31.01:963][  0]LogEngineSessionManager: EngineSessionManager initialized
[2019.09.27-07.31.01:963][  0]LogEngineSessionManager: EngineSessionManager sent abnormal shutdown report. Type=Crashed, SessionId={0C55A2F3-489D-78BA-1D15-479EA93E2B4F}
[2019.09.27-07.31.01:978][  0]LogInit: Transaction tracking system initialized
[2019.09.27-07.31.02:008][  0]BlueprintLog: New page: Editor Load
[2019.09.27-07.31.02:092][  0]LocalizationService: Localization service is disabled
[2019.09.27-07.31.02:227][  0]LogConsoleResponse: Display: 
[2019.09.27-07.31.02:372][  0]LogCook: Display: Max memory allowance for cook 16384mb min free memory 0mb
[2019.09.27-07.31.02:372][  0]LogCook: Display: Mobile HDR setting 1
[2019.09.27-07.31.02:372][  0]LogGameplayTags: Display: UGameplayTagsManager::DoneAddingNativeTags. DelegateIsBound: 0
[2019.09.27-07.31.02:372][  0]LogStats: UGameplayTagsManager::ConstructGameplayTagTree: Construct from data asset -  0.000 s
[2019.09.27-07.31.02:372][  0]LogStats: UGameplayTagsManager::ConstructGameplayTagTree: GameplayTagTreeChangedEvent.Broadcast -  0.000 s
[2019.09.27-07.31.03:127][  0]LogFileCache: Scanning file cache for directory 'D:/Desktop/Senior Design/CustomShaders2/CustomShadersStarter/Content/' took 0.02s
[2019.09.27-07.31.03:134][  0]SourceControl: Source control is disabled
[2019.09.27-07.31.03:134][  0]Cmd: MAP LOAD FILE="D:/Desktop/Senior Design/CustomShaders2/CustomShadersStarter/Content/CustomShaders/Maps/Desaturate.umap" TEMPLATE=0 SHOWPROGRESS=1 FEATURELEVEL=3
[2019.09.27-07.31.03:134][  0]LightingResults: New page: Lighting Build
[2019.09.27-07.31.03:137][  0]MapCheck: New page: Map Check
[2019.09.27-07.31.03:137][  0]LightingResults: New page: Lighting Build
[2019.09.27-07.31.03:233][  0]LogUObjectGlobals: Created PersistentFrame Addr=0x0000028a9987a850, Size=4, Default__Desaturate_C Function /Game/CustomShaders/Maps/Desaturate.Desaturate_C:ExecuteUbergraph_Desaturate
[2019.09.27-07.31.03:233][  0]LogUObjectGlobals: Destroyed PersistentFrame Addr=0x0000028a9987a850, Size=4
[2019.09.27-07.31.03:233][  0]LogUObjectGlobals: Created PersistentFrame Addr=0x0000028a9987a850, Size=4, Default__Desaturate_C Function /Engine/Transient.REINST_Desaturate_C_5:ExecuteUbergraph_Desaturate
[2019.09.27-07.31.03:234][  0]LogUObjectGlobals: Created PersistentFrame Addr=0x0000028a9987a9e8, Size=4, Default__Desaturate_C Function /Game/CustomShaders/Maps/Desaturate.Desaturate_C:ExecuteUbergraph_Desaturate
[2019.09.27-07.31.03:325][  0]LogSkeletalMesh: Skeletal Mesh found in DDC [0.611999ms] /Game/CustomShaders/Meshes/SK_Viking.SK_Viking
[2019.09.27-07.31.03:365][  0]LogAIModule: Creating AISystem for world Desaturate
[2019.09.27-07.31.03:371][  0]LogEditorServer: Finished looking for orphan Actors (0.000 secs)
[2019.09.27-07.31.03:382][  0]LogUObjectGlobals: Destroyed PersistentFrame Addr=0x0000028a9987a850, Size=4
[2019.09.27-07.31.03:382][  0]Cmd: MAP CHECKDEP NOCLEARLOG
[2019.09.27-07.31.03:440][  0]MapCheck: Map check complete: 0 Error(s), 0 Warning(s), took 57.644ms to complete.
[2019.09.27-07.31.03:440][  0]LogFileHelpers: Loading map 'Desaturate' took 0.306
[2019.09.27-07.31.03:630][  0]LogCollectionManager: Loaded 0 collections in 0.002287 seconds
[2019.09.27-07.31.03:670][  0]LogFileCache: Scanning file cache for directory 'D:/Desktop/Senior Design/CustomShaders2/CustomShadersStarter/Saved/Collections/' took 0.01s
[2019.09.27-07.31.03:670][  0]LogFileCache: Scanning file cache for directory 'D:/Desktop/Senior Design/CustomShaders2/CustomShadersStarter/Content/Developers/nmaga/Collections/' took 0.01s
[2019.09.27-07.31.03:670][  0]LogFileCache: Scanning file cache for directory 'D:/Desktop/Senior Design/CustomShaders2/CustomShadersStarter/Content/Collections/' took 0.01s
[2019.09.27-07.31.03:670][  0]LogCollectionManager: Rebuilt the GUID cache for 0 collections in 0.000000 seconds
[2019.09.27-07.31.03:678][  0]LogContentBrowser: Native class hierarchy populated in 0.0074 seconds. Added 2452 classes and 558 folders.
[2019.09.27-07.31.03:686][  0]LogContentBrowser: Native class hierarchy updated for 'WidgetCarousel' in 0.0002 seconds. Added 0 classes and 0 folders.
[2019.09.27-07.31.04:144][  0]LogContentBrowser: Native class hierarchy updated for 'AddContentDialog' in 0.0002 seconds. Added 0 classes and 0 folders.
[2019.09.27-07.31.04:150][  0]LogContentBrowser: Native class hierarchy updated for 'SceneOutliner' in 0.0002 seconds. Added 1 classes and 2 folders.
[2019.09.27-07.31.04:200][  0]LogContentBrowser: Native class hierarchy updated for 'HierarchicalLODOutliner' in 0.0003 seconds. Added 0 classes and 0 folders.
[2019.09.27-07.31.04:200][  0]LogLoad: (Engine Initialization) Total time: 19.89 seconds
[2019.09.27-07.31.04:200][  0]LogLoad: (Engine Initialization) Total Blueprint compile time: 0.00 seconds
[2019.09.27-07.31.04:210][  0]LogWindowsTextInputMethodSystem: Display: IME system now deactivated.
[2019.09.27-07.31.04:232][  0]LogContentStreaming: Texture pool size now 1000 MB
[2019.09.27-07.31.04:237][  0]LogSlate: Took 0.003712 seconds to synchronously load lazily loaded font '../../../Engine/Content/Slate/Fonts/Roboto-Regular.ttf' (155K)
[2019.09.27-07.31.04:242][  0]LogSlate: Took 0.003427 seconds to synchronously load lazily loaded font '../../../Engine/Content/Slate/Fonts/Roboto-Bold.ttf' (160K)
[2019.09.27-07.31.04:258][  0]LogSlate: Took 0.011607 seconds to synchronously load lazily loaded font '../../../Engine/Content/Editor/Slate/Fonts/FontAwesome.ttf' (139K)
[2019.09.27-07.31.04:405][  0]LogRenderer: Reallocating scene render targets to support 800x360 Format 10 NumSamples 1 (Frame:1).
[2019.09.27-07.31.04:405][  0]LogSlate: Took 0.049720 seconds to synchronously load lazily loaded font '../../../Engine/Content/Slate/Fonts/Roboto-Light.ttf' (167K)
[2019.09.27-07.31.04:456][  1]LogAssetRegistry: Asset discovery search completed in 12.1759 seconds
[2019.09.27-07.31.04:462][  1]LogCollectionManager: Rebuilt the object cache for 0 collections in 0.000000 seconds (found 0 objects)
[2019.09.27-07.31.04:462][  1]LogCollectionManager: Fixed up redirectors for 0 collections in 0.000108 seconds (updated 0 objects)
[2019.09.27-07.33.39:159][516]LogSlate: FSceneViewport::OnFocusLost() reason 0
[2019.09.27-07.33.41:857][822]LogSlate: Took 0.058946 seconds to synchronously load lazily loaded font '../../../Engine/Content/Slate/Fonts/Roboto-Light.ttf' (167K)
[2019.09.27-07.33.41:883][822]LogLinker: Warning: Can't find file '/Engine/EngineMaterials/toonlink'
[2019.09.27-07.33.41:883][822]LogLinker: Warning: Can't find file for asset '/Engine/EngineMaterials/toonlink' while loading D:/Desktop/Senior Design/CustomShaders2/CustomShadersStarter/Content/CustomShaders/Maps/GaussianBlur.umap.
[2019.09.27-07.33.41:883][822]LoadErrors: Error: /Game/CustomShaders/Maps/GaussianBlur : Can't find file for asset. /Engine/EngineMaterials/toonlink
[2019.09.27-07.33.41:884][822]LogLinker: Warning: Can't find file '/Game/CustomShaders/link/toonlink'
[2019.09.27-07.33.41:884][822]LogLinker: Warning: Can't find file for asset '/Game/CustomShaders/link/toonlink' while loading D:/Desktop/Senior Design/CustomShaders2/CustomShadersStarter/Content/CustomShaders/Maps/GaussianBlur.umap.
[2019.09.27-07.33.41:884][822]LoadErrors: Error: /Game/CustomShaders/Maps/GaussianBlur : Can't find file for asset. /Game/CustomShaders/link/toonlink
[2019.09.27-07.33.41:885][822]LogLinker: Warning: Can't find file '/Engine/EngineMaterials/toonlink'
[2019.09.27-07.33.41:885][822]LogLinker: Warning: Can't find file for asset '/Engine/EngineMaterials/toonlink' while loading D:/Desktop/Senior Design/CustomShaders2/CustomShadersStarter/Content/CustomShaders/Maps/GaussianBlur.umap.
[2019.09.27-07.33.41:885][822]LogLinker: Warning: Can't find file '/Game/CustomShaders/link/toonlink'
[2019.09.27-07.33.41:885][822]LogLinker: Warning: Can't find file for asset '/Game/CustomShaders/link/toonlink' while loading D:/Desktop/Senior Design/CustomShaders2/CustomShadersStarter/Content/CustomShaders/Maps/GaussianBlur.umap.
[2019.09.27-07.33.41:889][822]LogLinker: Warning: Can't find file '/Engine/EngineMaterials/toonlink'
[2019.09.27-07.33.41:889][822]LoadErrors: Failed to load /Engine/EngineMaterials/toonlink.toonlink Referenced by toonlink2_5
[2019.09.27-07.33.41:889][822]LogLinker: Warning: Can't find file for asset '/Engine/EngineMaterials/toonlink' while loading NULL.
[2019.09.27-07.33.41:889][822]LogLinker: Warning: Can't find file '/Game/CustomShaders/link/toonlink'
[2019.09.27-07.33.41:889][822]LoadErrors: Failed to load /Game/CustomShaders/link/toonlink.toonlink Referenced by toonlink_2
[2019.09.27-07.33.41:889][822]LogLinker: Warning: Can't find file for asset '/Game/CustomShaders/link/toonlink' while loading NULL.
[2019.09.27-07.33.41:942][822]LogAIModule: Creating AISystem for world GaussianBlur
[2019.09.27-07.33.41:957][822]Cmd: MAP LOAD FILE="D:/Desktop/Senior Design/CustomShaders2/CustomShadersStarter/Content/CustomShaders/Maps/GaussianBlur.umap" TEMPLATE=0 SHOWPROGRESS=1 FEATURELEVEL=3
[2019.09.27-07.33.41:957][822]LightingResults: New page: Lighting Build
[2019.09.27-07.33.41:957][822]LoadErrors: New page: Loading map: GaussianBlur.umap
[2019.09.27-07.33.41:958][822]MapCheck: New page: Map Check
[2019.09.27-07.33.41:958][822]LightingResults: New page: Lighting Build
[2019.09.27-07.33.41:970][822]LogUObjectGlobals: Destroyed PersistentFrame Addr=0x0000028a9987a9e8, Size=4
[2019.09.27-07.33.41:975][822]LogEditorServer: Finished looking for orphan Actors (0.000 secs)
[2019.09.27-07.33.42:003][822]Cmd: MAP CHECKDEP NOCLEARLOG
[2019.09.27-07.33.42:067][822]MapCheck: Map check complete: 0 Error(s), 0 Warning(s), took 63.12ms to complete.
[2019.09.27-07.33.42:067][822]LogFileHelpers: Loading map 'GaussianBlur' took 0.111
[2019.09.27-07.33.56:022][970]LogSlate: FSceneViewport::OnFocusLost() reason 0
[2019.09.27-07.34.00:239][457]LogMaterial: Missing cached shader map for material PP_GaussianBlur, compiling. 
[2019.09.27-07.34.00:597][457]LogMaterial: Missing cached shader map for material PP_GaussianBlur, compiling. 
[2019.09.27-07.34.00:602][457]LogMaterial: Missing cached shader map for material PP_GaussianBlur, compiling. 
[2019.09.27-07.34.00:611][457]LogShaderCompilers: Display: Shaders left to compile 5
[2019.09.27-07.34.00:611][457]LogShaderCompilers: Display: Shaders left to compile 4
[2019.09.27-07.34.00:611][457]LogShaderCompilers: Display: Shaders left to compile 3
[2019.09.27-07.34.00:611][457]LogShaderCompilers: Display: Shaders left to compile 2
[2019.09.27-07.34.00:636][457]LogMaterial: Missing cached shader map for material FMatExpressionPreview MaterialExpressionCustom_0, compiling. 
[2019.09.27-07.34.00:638][457]LogMaterial: Missing cached shader map for material FMatExpressionPreview MaterialExpressionCustom_1, compiling. 
[2019.09.27-07.34.00:650][457]LogSlate: Took 0.000342 seconds to synchronously load lazily loaded font '../../../Engine/Content/Slate/Fonts/Roboto-BoldCondensed.ttf' (158K)
[2019.09.27-07.34.00:882][460]LogSlate: Took 0.000251 seconds to synchronously load lazily loaded font '../../../Engine/Content/Slate/Fonts/Roboto-Italic.ttf' (157K)
[2019.09.27-07.34.02:092][531]LogShaderCompilers: Display: Shaders left to compile 3
[2019.09.27-07.34.02:117][532]LogShaderCompilers: Display: Shaders left to compile 2
[2019.09.27-07.34.02:164][534]LogShaderCompilers: Display: Shaders left to compile 1
[2019.09.27-07.34.02:398][545]MaterialEditorStats: Base pass shader without light map: 53 instructions
[2019.09.27-07.34.02:398][545]MaterialEditorStats: Vertex shader: 34 instructions
[2019.09.27-07.34.02:398][545]MaterialEditorStats: Texture samplers: 3/16
[2019.09.27-07.34.02:642][563]LogMaterialEditor: Applying material PP_GaussianBlur
[2019.09.27-07.34.03:946][563]LogMaterial: Missing cached shader map for material PP_GaussianBlur, compiling. 
[2019.09.27-07.34.03:957][563]LogShaderCompilers: Display: Shaders left to compile 5
[2019.09.27-07.34.03:957][563]LogShaderCompilers: Display: Shaders left to compile 4
[2019.09.27-07.34.03:957][563]LogShaderCompilers: Display: Shaders left to compile 3
[2019.09.27-07.34.03:957][563]LogShaderCompilers: Display: Shaders left to compile 2
[2019.09.27-07.34.03:986][563]LogMaterial: Missing cached shader map for material PP_GaussianBlur, compiling. 
[2019.09.27-07.34.04:000][563]LogMaterial: Missing cached shader map for material PP_GaussianBlur, compiling. 
[2019.09.27-07.34.04:019][563]TextureStreamingBuild: Display: Compiling optional shaders took 0.000 seconds.
[2019.09.27-07.34.04:254][563]LogShaderCompilers: Display: Shaders left to compile 11
[2019.09.27-07.34.04:254][563]LogShaderCompilers: Display: Shaders left to compile 10
[2019.09.27-07.34.11:255][563]LogSlate: Window 'Message' being destroyed
[2019.09.27-07.34.11:275][564]MaterialEditorStats: Base pass shader without light map: 53 instructions
[2019.09.27-07.34.11:275][564]MaterialEditorStats: Vertex shader: 34 instructions
[2019.09.27-07.34.11:275][564]MaterialEditorStats: Texture samplers: 3/16
[2019.09.27-07.34.18:855][107]LogSlate: FSceneViewport::OnFocusLost() reason 0
[2019.09.27-07.34.26:385][114]LogSlate: Window 'Message' being destroyed
[2019.09.27-07.34.42:236][232]LogSlate: Window 'Message' being destroyed
[2019.09.27-07.34.46:686][484]LogEditorViewport: Clicking on Actor (LMB): SkeletalMeshActor (SK_Viking)
[2019.09.27-07.34.50:916][759]LogSlate: FSceneViewport::OnFocusLost() reason 0
[2019.09.27-07.34.51:970][766]LogSlate: Window 'Message' being destroyed
[2019.09.27-07.34.56:396][ 43]LogFileHelpers: Saving map 'GaussianBlur' took 0.067
[2019.09.27-07.35.00:444][ 43]LogSlate: Window 'Message' being destroyed
[2019.09.27-07.35.02:085][ 43]LogSlate: Window 'Packages Failed To Save' being destroyed
[2019.09.27-07.35.03:514][ 43]LogSlate: Window 'Message' being destroyed
[2019.09.27-07.35.06:874][104]LogSlate: Window 'Save Content' being destroyed
[2019.09.27-07.35.06:981][104]LogFileHelpers: Saving map 'GaussianBlur' took 0.080
[2019.09.27-07.35.08:519][104]LogSlate: Window 'Message' being destroyed
[2019.09.27-07.35.09:387][104]LogSlate: Window 'Message' being destroyed
[2019.09.27-07.35.11:513][170]LogSlate: Window 'Save Content' being destroyed
[2019.09.27-07.35.11:657][170]LogSlate: Window 'PP_GaussianBlur*' being destroyed
[2019.09.27-07.35.11:737][170]LogSlate: Window 'CustomShaders - Unreal Editor' being destroyed
[2019.09.27-07.35.11:995][171]Cmd: QUIT_EDITOR
[2019.09.27-07.35.12:275][171]LogWindowsTextInputMethodSystem: Display: IME system now deactivated.
[2019.09.27-07.35.12:298][171]LogSlate: Slate User Destroyed.  User Index 0, Is Virtual User: 0
[2019.09.27-07.35.12:313][171]LogExit: Preparing to exit.
[2019.09.27-07.35.13:471][171]LogFileManager: Error: Error flushing file: D:/Desktop/Senior Design/CustomShaders2/CustomShadersStarter/Saved/Autosaves/PackageRestoreData.json (There is not enough space on the disk.)
[2019.09.27-07.35.13:509][171]LogExit: Editor shut down
[2019.09.27-07.35.13:521][171]LogExit: Transaction tracking system shut down
[2019.09.27-07.35.13:679][171]LogAssetRegistry: Error: Failed to open file for write D:/Desktop/Senior Design/CustomShaders2/CustomShadersStarter/Intermediate/CachedAssetRegistry.bin
[2019.09.27-07.35.13:679][171]LogDirectoryWatcher: A directory notification for '../../../Engine/Content/' was aborted.
[2019.09.27-07.35.13:679][171]LogDirectoryWatcher: A directory notification for 'D:/Desktop/Senior Design/CustomShaders2/CustomShadersStarter/Content/' was aborted.
[2019.09.27-07.35.13:679][171]LogDirectoryWatcher: A directory notification for '../../Plugins/2D/Paper2D/Content/' was aborted.
[2019.09.27-07.35.13:679][171]LogDirectoryWatcher: A directory notification for '../../Plugins/Enterprise/DatasmithContent/Content/' was aborted.
[2019.09.27-07.35.13:679][171]LogDirectoryWatcher: A directory notification for '../../Plugins/Media/MediaCompositing/Content/' was aborted.
[2019.09.27-07.35.13:679][171]LogDirectoryWatcher: A directory notification for '../../Plugins/Runtime/AppleARKit/Content/' was aborted.
[2019.09.27-07.35.13:680][171]LogDirectoryWatcher: A directory notification for '../../Plugins/Runtime/Oculus/OculusVR/Content/' was aborted.
[2019.09.27-07.35.13:680][171]LogDirectoryWatcher: A directory notification for '../../Plugins/Runtime/Steam/SteamVR/Content/' was aborted.
[2019.09.27-07.35.14:846][171]LogExit: Object subsystem successfully closed.
[2019.09.27-07.35.14:915][171]LogShaderCompilers: Display: Shaders left to compile 0
[2019.09.27-07.35.14:947][171]LogD3D11RHI: Shutdown
[2019.09.27-07.35.14:947][171]LogD3D11RHI: CleanupD3DDevice
[2019.09.27-07.35.14:979][171]LogD3D11RHI: ~FD3D11DynamicRHI
[2019.09.27-07.35.16:388][171]LogModuleManager: Shutting down and abandoning module HierarchicalLODOutliner (574)
[2019.09.27-07.35.16:388][171]LogModuleManager: Shutting down and abandoning module SceneOutliner (572)
[2019.09.27-07.35.16:388][171]LogModuleManager: Shutting down and abandoning module AddContentDialog (570)
[2019.09.27-07.35.16:399][171]LogDirectoryWatcher: A directory notification for 'C:/Program Files/Epic Games/UE_4.19/FeaturePacks/' was aborted.
[2019.09.27-07.35.16:401][171]LogModuleManager: Shutting down and abandoning module WidgetCarousel (569)
[2019.09.27-07.35.16:401][171]LogModuleManager: Shutting down and abandoning module EditorWidgets (566)
[2019.09.27-07.35.16:401][171]LogModuleManager: Shutting down and abandoning module CollectionManager (564)
[2019.09.27-07.35.16:419][171]LogDirectoryWatcher: A directory notification for 'D:/Desktop/Senior Design/CustomShaders2/CustomShadersStarter/Content/Collections/' was aborted.
[2019.09.27-07.35.16:419][171]LogDirectoryWatcher: A directory notification for 'D:/Desktop/Senior Design/CustomShaders2/CustomShadersStarter/Content/Developers/nmaga/Collections/' was aborted.
[2019.09.27-07.35.16:419][171]LogDirectoryWatcher: A directory notification for 'D:/Desktop/Senior Design/CustomShaders2/CustomShadersStarter/Saved/Collections/' was aborted.
[2019.09.27-07.35.16:419][171]LogModuleManager: Shutting down and abandoning module StatsViewer (562)
[2019.09.27-07.35.16:438][171]LogModuleManager: Shutting down and abandoning module FoliageEdit (560)
[2019.09.27-07.35.16:438][171]LogModuleManager: Shutting down and abandoning module LandscapeEditor (558)
[2019.09.27-07.35.16:479][171]LogModuleManager: Shutting down and abandoning module MeshPaintMode (556)
[2019.09.27-07.35.16:505][171]LogModuleManager: Shutting down and abandoning module SceneDepthPickerMode (554)
[2019.09.27-07.35.16:505][171]LogModuleManager: Shutting down and abandoning module ActorPickerMode (552)
[2019.09.27-07.35.16:505][171]LogModuleManager: Shutting down and abandoning module GeometryMode (550)
[2019.09.27-07.35.16:525][171]LogModuleManager: Shutting down and abandoning module TextureAlignMode (548)
[2019.09.27-07.35.16:525][171]LogModuleManager: Shutting down and abandoning module BspMode (546)
[2019.09.27-07.35.16:525][171]LogModuleManager: Shutting down and abandoning module PIEPreviewDeviceProfileSelector (544)
[2019.09.27-07.35.16:525][171]LogModuleManager: Shutting down and abandoning module HardwareSurvey (542)
[2019.09.27-07.35.16:525][171]LogModuleManager: Shutting down and abandoning module SequenceRecorderSections (540)
[2019.09.27-07.35.16:532][171]LogModuleManager: Shutting down and abandoning module AutomationWorker (538)
[2019.09.27-07.35.16:532][171]LogModuleManager: Shutting down and abandoning module AudioCaptureEditor (536)
[2019.09.27-07.35.16:532][171]LogModuleManager: Shutting down and abandoning module SequenceRecorder (535)
[2019.09.27-07.35.16:546][171]LogModuleManager: Shutting down and abandoning module MatineeToLevelSequence (532)
[2019.09.27-07.35.16:546][171]LogModuleManager: Shutting down and abandoning module LevelSequenceEditor (530)
[2019.09.27-07.35.16:703][171]LogModuleManager: Shutting down and abandoning module PlacementMode (529)
[2019.09.27-07.35.16:704][171]LogModuleManager: Shutting down and abandoning module MaterialEditor (528)
[2019.09.27-07.35.16:704][171]LogModuleManager: Shutting down and abandoning module WmfMediaFactory (524)
[2019.09.27-07.35.16:704][171]LogModuleManager: Shutting down and abandoning module WmfMediaEditor (522)
[2019.09.27-07.35.16:704][171]LogModuleManager: Shutting down and abandoning module MediaPlayerEditor (520)
[2019.09.27-07.35.16:892][171]LogModuleManager: Shutting down and abandoning module OpenExrWrapper (518)
[2019.09.27-07.35.16:892][171]LogModuleManager: Shutting down and abandoning module ImgMediaFactory (516)
[2019.09.27-07.35.16:892][171]LogModuleManager: Shutting down and abandoning module ImgMediaEditor (514)
[2019.09.27-07.35.16:892][171]LogModuleManager: Shutting down and abandoning module AvfMediaFactory (512)
[2019.09.27-07.35.16:892][171]LogModuleManager: Shutting down and abandoning module AvfMediaEditor (510)
[2019.09.27-07.35.16:892][171]LogModuleManager: Shutting down and abandoning module AndroidMediaFactory (508)
[2019.09.27-07.35.16:892][171]LogModuleManager: Shutting down and abandoning module AndroidMediaEditor (506)
[2019.09.27-07.35.16:892][171]LogModuleManager: Shutting down and abandoning module CharacterAI (504)
[2019.09.27-07.35.16:892][171]LogModuleManager: Shutting down and abandoning module SmartSnapping (502)
[2019.09.27-07.35.16:892][171]LogModuleManager: Shutting down and abandoning module SessionServices (500)
[2019.09.27-07.35.16:892][171]LogModuleManager: Shutting down and abandoning module ViewportSnapping (498)
[2019.09.27-07.35.16:892][171]LogModuleManager: Shutting down and abandoning module ViewportInteraction (496)
[2019.09.27-07.35.16:892][171]LogModuleManager: Shutting down and abandoning module ClothPainter (494)
[2019.09.27-07.35.16:918][171]LogModuleManager: Shutting down and abandoning module SkeletalMeshEditor (493)
[2019.09.27-07.35.16:948][171]LogModuleManager: Shutting down and abandoning module LogVisualizer (490)
[2019.09.27-07.35.17:001][171]LogModuleManager: Shutting down and abandoning module IntroTutorials (488)
[2019.09.27-07.35.17:053][171]LogModuleManager: Shutting down and abandoning module GameProjectGeneration (487)
[2019.09.27-07.35.17:067][171]LogModuleManager: Shutting down and abandoning module IOSPlatformEditor (484)
[2019.09.27-07.35.17:073][171]LogModuleManager: Shutting down and abandoning module HTML5PlatformEditor (482)
[2019.09.27-07.35.17:073][171]LogModuleManager: Shutting down and abandoning module AndroidPlatformEditor (480)
[2019.09.27-07.35.17:073][171]LogModuleManager: Shutting down and abandoning module AndroidDeviceDetection (479)
[2019.09.27-07.35.17:288][171]LogModuleManager: Shutting down and abandoning module WindowsPlatformEditor (476)
[2019.09.27-07.35.17:288][171]LogModuleManager: Shutting down and abandoning module IOSRuntimeSettings (474)
[2019.09.27-07.35.17:288][171]LogModuleManager: Shutting down and abandoning module AndroidRuntimeSettings (472)
[2019.09.27-07.35.17:288][171]LogModuleManager: Shutting down and abandoning module InputBindingEditor (470)
[2019.09.27-07.35.17:294][171]LogModuleManager: Shutting down and abandoning module MergeActors (468)
[2019.09.27-07.35.17:302][171]LogModuleManager: Shutting down and abandoning module LocalizationDashboard (466)
[2019.09.27-07.35.17:322][171]LogModuleManager: Shutting down and abandoning module LocalizationService (465)
[2019.09.27-07.35.17:325][171]LogModuleManager: Shutting down and abandoning module HardwareTargeting (462)
[2019.09.27-07.35.17:325][171]LogModuleManager: Shutting down and abandoning module DeviceProfileEditor (460)
[2019.09.27-07.35.17:335][171]LogModuleManager: Shutting down and abandoning module UndoHistory (458)
[2019.09.27-07.35.17:335][171]LogModuleManager: Shutting down and abandoning module XmlParser (456)
[2019.09.27-07.35.17:353][171]LogModuleManager: Shutting down and abandoning module Blutility (454)
[2019.09.27-07.35.17:353][171]LogModuleManager: Shutting down and abandoning module ProjectSettingsViewer (452)
[2019.09.27-07.35.17:353][171]LogModuleManager: Shutting down and abandoning module ProjectTargetPlatformEditor (451)
[2019.09.27-07.35.17:353][171]LogModuleManager: Shutting down and abandoning module EditorSettingsViewer (448)
[2019.09.27-07.35.17:353][171]LogModuleManager: Shutting down and abandoning module SettingsEditor (446)
[2019.09.27-07.35.17:372][171]LogModuleManager: Shutting down and abandoning module ProjectLauncher (444)
[2019.09.27-07.35.17:377][171]LogModuleManager: Shutting down and abandoning module SessionFrontend (442)
[2019.09.27-07.35.17:383][171]LogModuleManager: Shutting down and abandoning module ProfilerClient (440)
[2019.09.27-07.35.17:393][171]LogModuleManager: Shutting down and abandoning module DeviceManager (438)
[2019.09.27-07.35.17:422][171]LogModuleManager: Shutting down and abandoning module TargetDeviceServices (437)
[2019.09.27-07.35.17:497][171]LogModuleManager: Shutting down and abandoning module AutomationController (434)
[2019.09.27-07.35.17:508][171]LogModuleManager: Shutting down and abandoning module AutomationWindow (432)
[2019.09.27-07.35.17:530][171]LogModuleManager: Shutting down and abandoning module Layers (430)
[2019.09.27-07.35.17:553][171]LogModuleManager: Shutting down and abandoning module ComponentVisualizers (428)
[2019.09.27-07.35.17:553][171]LogModuleManager: Shutting down and abandoning module DetailCustomizations (426)
[2019.09.27-07.35.17:566][171]LogModuleManager: Shutting down and abandoning module PackagesDialog (424)
[2019.09.27-07.35.17:566][171]LogModuleManager: Shutting down and abandoning module Persona (422)
[2019.09.27-07.35.17:598][171]LogModuleManager: Shutting down and abandoning module AdvancedPreviewScene (421)
[2019.09.27-07.35.17:598][171]LogModuleManager: Shutting down and abandoning module AnimGraph (419)
[2019.09.27-07.35.17:598][171]LogModuleManager: Shutting down and abandoning module Kismet (416)
[2019.09.27-07.35.17:667][171]LogModuleManager: Shutting down and abandoning module GraphEditor (414)
[2019.09.27-07.35.17:667][171]LogModuleManager: Shutting down and abandoning module ClassViewer (412)
[2019.09.27-07.35.17:667][171]LogModuleManager: Shutting down and abandoning module Toolbox (410)
[2019.09.27-07.35.17:667][171]LogModuleManager: Shutting down and abandoning module ModuleUI (408)
[2019.09.27-07.35.17:676][171]LogModuleManager: Shutting down and abandoning module MovieSceneTools (406)
[2019.09.27-07.35.17:692][171]LogModuleManager: Shutting down and abandoning module OutputLog (404)
[2019.09.27-07.35.17:696][171]LogModuleManager: Shutting down and abandoning module GammaUI (402)
[2019.09.27-07.35.17:702][171]LogModuleManager: Shutting down and abandoning module Documentation (400)
[2019.09.27-07.35.17:702][171]LogModuleManager: Shutting down and abandoning module MovieSceneTracks (398)
[2019.09.27-07.35.17:702][171]LogModuleManager: Shutting down and abandoning module MovieScene (396)
[2019.09.27-07.35.17:702][171]LogModuleManager: Shutting down and abandoning module StreamingPauseRendering (394)
[2019.09.27-07.35.17:702][171]LogModuleManager: Shutting down and abandoning module LauncherPlatform (392)
[2019.09.27-07.35.17:702][171]LogModuleManager: Shutting down and abandoning module AnalyticsET (390)
[2019.09.27-07.35.17:702][171]LogModuleManager: Shutting down and abandoning module PortalServices (388)
[2019.09.27-07.35.17:702][171]LogModuleManager: Shutting down and abandoning module PortalRpc (386)
[2019.09.27-07.35.17:702][171]LogModuleManager: Shutting down and abandoning module MessagingRpc (384)
[2019.09.27-07.35.17:702][171]LogModuleManager: Shutting down and abandoning module AIModule (382)
[2019.09.27-07.35.17:702][171]LogModuleManager: Shutting down and abandoning module GameplayDebugger (381)
[2019.09.27-07.35.17:702][171]LogModuleManager: Shutting down and abandoning module AITestSuite (379)
[2019.09.27-07.35.17:708][171]LogModuleManager: Shutting down and abandoning module DesktopPlatform (376)
[2019.09.27-07.35.17:713][171]LogModuleManager: Shutting down and abandoning module ProfilerService (374)
[2019.09.27-07.35.17:832][171]LogModuleManager: Shutting down and abandoning module TaskGraph (372)
[2019.09.27-07.35.17:845][171]LogModuleManager: Shutting down and abandoning module SteamVRController (370)
[2019.09.27-07.35.17:845][171]LogModuleManager: Shutting down and abandoning module ProceduralMeshComponentEditor (368)
[2019.09.27-07.35.17:846][171]LogModuleManager: Shutting down and abandoning module ProceduralMeshComponent (366)
[2019.09.27-07.35.17:857][171]LogModuleManager: Shutting down and abandoning module OculusInput (364)
[2019.09.27-07.35.17:864][171]LogModuleManager: Shutting down and abandoning module MobilePatchingUtils (362)
[2019.09.27-07.35.17:864][171]LogModuleManager: Shutting down and abandoning module CustomMeshComponent (360)
[2019.09.27-07.35.17:864][171]LogModuleManager: Shutting down and abandoning module CableComponent (358)
[2019.09.27-07.35.17:873][171]LogModuleManager: Shutting down and abandoning module AudioCapture (356)
[2019.09.27-07.35.17:873][171]LogModuleManager: Shutting down and abandoning module ArchVisCharacter (354)
[2019.09.27-07.35.17:873][171]LogModuleManager: Shutting down and abandoning module AndroidPermission (352)
[2019.09.27-07.35.17:873][171]LogModuleManager: Shutting down and abandoning module NUTUnrealEngine4 (348)
[2019.09.27-07.35.17:873][171]LogModuleManager: Shutting down and abandoning module NetcodeUnitTest (346)
[2019.09.27-07.35.17:892][171]LogModuleManager: Shutting down and abandoning module MediaCompositingEditor (344)
[2019.09.27-07.35.17:893][171]LogModuleManager: Shutting down and abandoning module MediaCompositing (342)
[2019.09.27-07.35.17:893][171]LogModuleManager: Shutting down and abandoning module LinearTimecode (340)
[2019.09.27-07.35.17:893][171]LogModuleManager: Shutting down and abandoning module ImgMedia (338)
[2019.09.27-07.35.17:903][171]LogModuleManager: Shutting down and abandoning module HTML5Networking (336)
[2019.09.27-07.35.17:903][171]LogModuleManager: Shutting down and abandoning module AlembicImporter (334)
[2019.09.27-07.35.17:911][171]LogModuleManager: Shutting down and abandoning module AlembicLibrary (333)
[2019.09.27-07.35.17:911][171]LogModuleManager: Shutting down and abandoning module GeometryCache (332)
[2019.09.27-07.35.17:911][171]LogModuleManager: Shutting down and abandoning module GeometryCacheEd (331)
[2019.09.27-07.35.17:911][171]LogModuleManager: Shutting down and abandoning module DatasmithContent (326)
[2019.09.27-07.35.17:911][171]LogModuleManager: Shutting down and abandoning module SpeedTreeImporter (324)
[2019.09.27-07.35.17:911][171]LogModuleManager: Shutting down and abandoning module PluginBrowser (322)
[2019.09.27-07.35.17:918][171]LogModuleManager: Shutting down and abandoning module MobileLauncherProfileWizard (320)
[2019.09.27-07.35.17:925][171]LogModuleManager: Shutting down and abandoning module CryptoKeysOpenSSL (318)
[2019.09.27-07.35.17:930][171]LogModuleManager: Shutting down and abandoning module CryptoKeys (316)
[2019.09.27-07.35.17:930][171]LogModuleManager: Shutting down and abandoning module VisualStudioSourceCodeAccess (314)
[2019.09.27-07.35.17:930][171]LogModuleManager: Shutting down and abandoning module VisualStudioCodeSourceCodeAccess (312)
[2019.09.27-07.35.17:930][171]LogModuleManager: Shutting down and abandoning module UObjectPlugin (310)
[2019.09.27-07.35.17:930][171]LogModuleManager: Shutting down and abandoning module SubversionSourceControl (308)
[2019.09.27-07.35.17:939][171]LogModuleManager: Shutting down and abandoning module PerforceSourceControl (306)
[2019.09.27-07.35.17:958][171]LogModuleManager: Shutting down and abandoning module GitSourceControl (304)
[2019.09.27-07.35.17:963][171]LogModuleManager: Shutting down and abandoning module SourceControl (303)
[2019.09.27-07.35.17:974][171]LogModuleManager: Shutting down and abandoning module CLionSourceCodeAccess (300)
[2019.09.27-07.35.17:985][171]LogModuleManager: Shutting down and abandoning module LightPropagationVolumeEditor (298)
[2019.09.27-07.35.17:985][171]LogModuleManager: Shutting down and abandoning module PaperTiledImporter (296)
[2019.09.27-07.35.17:985][171]LogModuleManager: Shutting down and abandoning module PaperSpriteSheetImporter (294)
[2019.09.27-07.35.17:985][171]LogModuleManager: Shutting down and abandoning module Paper2DEditor (292)
[2019.09.27-07.35.17:996][171]LogModuleManager: Shutting down and abandoning module MeshPaint (291)
[2019.09.27-07.35.18:005][171]LogModuleManager: Shutting down and abandoning module RuntimePhysXCooking (288)
[2019.09.27-07.35.18:005][171]LogModuleManager: Shutting down and abandoning module PhysXVehiclesEditor (286)
[2019.09.27-07.35.18:005][171]LogModuleManager: Shutting down and abandoning module PhysXVehicles (284)
[2019.09.27-07.35.18:005][171]LogModuleManager: Shutting down and abandoning module OculusEditor (282)
[2019.09.27-07.35.18:005][171]LogModuleManager: Shutting down and abandoning module LocationServicesBPLibrary (280)
[2019.09.27-07.35.18:005][171]LogModuleManager: Shutting down and abandoning module ImmediatePhysicsEditor (278)
[2019.09.27-07.35.18:005][171]LogModuleManager: Shutting down and abandoning module ImmediatePhysics (276)
[2019.09.27-07.35.18:011][171]LogModuleManager: Shutting down and abandoning module ActorSequence (274)
[2019.09.27-07.35.18:011][171]LogModuleManager: Shutting down and abandoning module UdpMessaging (272)
[2019.09.27-07.35.18:117][171]LogModuleManager: Shutting down and abandoning module TcpMessaging (270)
[2019.09.27-07.35.18:229][171]LogModuleManager: Shutting down and abandoning module GameplayTagsEditor (268)
[2019.09.27-07.35.19:082][171]LogFileManager: Error: Error flushing file: D:/Desktop/Senior Design/CustomShaders2/CustomShadersStarter/Saved/Logs/CustomShaders_2.log (There is not enough space on the disk.)
[2019.09.27-07.35.19:082][171]LogModuleManager: Shutting down and abandoning module SSL (40)
[2019.09.27-07.35.19:154][171]LogModuleManager: Shutting down and abandoning module AnimationModifiers (36)
[2019.09.27-07.35.19:185][171]LogModuleManager: Shutting down and abandoning module PropertyEditor (35)
[2019.09.27-07.35.19:195][171]LogModuleManager: Shutting down and abandoning module AudioEditor (32)
[2019.09.27-07.35.19:211][171]LogModuleManager: Shutting down and abandoning module TextureCompressor (30)
[2019.09.27-07.35.19:256][171]LogModuleManager: Shutting down and abandoning module ShaderCore (28)
[2019.09.27-07.35.19:256][171]LogModuleManager: Shutting down and abandoning module Landscape (26)
[2019.09.27-07.35.19:256][171]LogModuleManager: Shutting down and abandoning module SlateRHIRenderer (24)
