Log file open, 10/16/19 19:29:38
LogWindows: Failed to load 'aqProf.dll' (GetLastError=126)
LogWindows: File 'aqProf.dll' does not exist
LogWindows: Failed to load 'VtuneApi.dll' (GetLastError=126)
LogWindows: File 'VtuneApi.dll' does not exist
LogWindows: Failed to load 'VtuneApi32e.dll' (GetLastError=126)
LogWindows: File 'VtuneApi32e.dll' does not exist
LogInit: Display: Running engine for game: CustomShaders
LogPlatformFile: Not using cached read wrapper
LogInit: Display: RandInit(1083282686) SRandInit(1083282686).
LogInit: Read version file with build ID '3944462'
LogInit: Overriding engine version to CL 4033788, compatible CL 3944462
LogInit: Registered custom module enumerator with build ID '3944462'
LogTaskGraph: Started task graph with 5 named threads and 23 total threads with 3 sets of task threads.
LogStats: Stats thread started at 4.695009
LogD3D11RHI: Aftermath initialized
LogICUInternationalization: Display: ICU TimeZone Detection - Raw Offset: -5:00, Platform Override: ''
LogModuleManager: Display: Found up-to-date module file ../../../Engine/Plugins/2D/Paper2D/Binaries/Win64/UE4Editor-Paper2D.dll (API version 3944462).
LogModuleManager: Display: Found up-to-date module file ../../../Engine/Plugins/2D/Paper2D/Binaries/Win64/UE4Editor-Paper2DEditor.dll (API version 3944462).
LogModuleManager: Display: Found up-to-date module file ../../../Engine/Plugins/2D/Paper2D/Binaries/Win64/UE4Editor-PaperSpriteSheetImporter.dll (API version 3944462).
LogModuleManager: Display: Found up-to-date module file ../../../Engine/Plugins/2D/Paper2D/Binaries/Win64/UE4Editor-PaperTiledImporter.dll (API version 3944462).
LogModuleManager: Display: Found up-to-date module file ../../../Engine/Plugins/2D/Paper2D/Binaries/Win64/UE4Editor-SmartSnapping.dll (API version 3944462).
LogModuleManager: Display: Found up-to-date module file ../../../Engine/Plugins/Blendables/LightPropagationVolume/Binaries/Win64/UE4Editor-LightPropagationVolumeRuntime.dll (API version 3944462).
LogModuleManager: Display: Found up-to-date module file ../../../Engine/Plugins/Blendables/LightPropagationVolume/Binaries/Win64/UE4Editor-LightPropagationVolumeEditor.dll (API version 3944462).
LogModuleManager: Display: Found up-to-date module file ../../../Engine/Plugins/Developer/CLionSourceCodeAccess/Binaries/Win64/UE4Editor-CLionSourceCodeAccess.dll (API version 3944462).
LogModuleManager: Display: Found up-to-date module file ../../../Engine/Plugins/Developer/GitSourceControl/Binaries/Win64/UE4Editor-GitSourceControl.dll (API version 3944462).
LogModuleManager: Display: Found up-to-date module file ../../../Engine/Plugins/Developer/PerforceSourceControl/Binaries/Win64/UE4Editor-PerforceSourceControl.dll (API version 3944462).
LogModuleManager: Display: Found up-to-date module file ../../../Engine/Plugins/Developer/SubversionSourceControl/Binaries/Win64/UE4Editor-SubversionSourceControl.dll (API version 3944462).
LogModuleManager: Display: Found up-to-date module file ../../../Engine/Plugins/Developer/UObjectPlugin/Binaries/Win64/UE4Editor-UObjectPlugin.dll (API version 3944462).
LogModuleManager: Display: Found up-to-date module file ../../../Engine/Plugins/Developer/VisualStudioCodeSourceCodeAccess/Binaries/Win64/UE4Editor-VisualStudioCodeSourceCodeAccess.dll (API version 3944462).
LogModuleManager: Display: Found up-to-date module file ../../../Engine/Plugins/Developer/VisualStudioSourceCodeAccess/Binaries/Win64/UE4Editor-VisualStudioSourceCodeAccess.dll (API version 3944462).
LogModuleManager: Display: Found up-to-date module file ../../../Engine/Plugins/Editor/AssetManagerEditor/Binaries/Win64/UE4Editor-AssetManagerEditor.dll (API version 3944462).
LogModuleManager: Display: Found up-to-date module file ../../../Engine/Plugins/Editor/CryptoKeys/Binaries/Win64/UE4Editor-CryptoKeys.dll (API version 3944462).
LogModuleManager: Display: Found up-to-date module file ../../../Engine/Plugins/Editor/CryptoKeys/Binaries/Win64/UE4Editor-CryptoKeysOpenSSL.dll (API version 3944462).
LogModuleManager: Display: Found up-to-date module file ../../../Engine/Plugins/Editor/DataValidation/Binaries/Win64/UE4Editor-DataValidation.dll (API version 3944462).
LogModuleManager: Display: Found up-to-date module file ../../../Engine/Plugins/Editor/FacialAnimation/Binaries/Win64/UE4Editor-FacialAnimation.dll (API version 3944462).
LogModuleManager: Display: Found up-to-date module file ../../../Engine/Plugins/Editor/FacialAnimation/Binaries/Win64/UE4Editor-FacialAnimationEditor.dll (API version 3944462).
LogModuleManager: Display: Found up-to-date module file ../../../Engine/Plugins/Editor/GameplayTagsEditor/Binaries/Win64/UE4Editor-GameplayTagsEditor.dll (API version 3944462).
LogModuleManager: Display: Found up-to-date module file ../../../Engine/Plugins/Editor/MobileLauncherProfileWizard/Binaries/Win64/UE4Editor-MobileLauncherProfileWizard.dll (API version 3944462).
LogModuleManager: Display: Found up-to-date module file ../../../Engine/Plugins/Editor/PluginBrowser/Binaries/Win64/UE4Editor-PluginBrowser.dll (API version 3944462).
LogModuleManager: Display: Found up-to-date module file ../../../Engine/Plugins/Editor/SpeedTreeImporter/Binaries/Win64/UE4Editor-SpeedTreeImporter.dll (API version 3944462).
LogModuleManager: Display: Found up-to-date module file ../../../Engine/Plugins/Enterprise/DatasmithContent/Binaries/Win64/UE4Editor-DatasmithContent.dll (API version 3944462).
LogModuleManager: Display: Found up-to-date module file ../../../Engine/Plugins/Experimental/AlembicImporter/Binaries/Win64/UE4Editor-AlembicImporter.dll (API version 3944462).
LogModuleManager: Display: Found up-to-date module file ../../../Engine/Plugins/Experimental/AlembicImporter/Binaries/Win64/UE4Editor-AlembicLibrary.dll (API version 3944462).
LogModuleManager: Display: Found up-to-date module file ../../../Engine/Plugins/Experimental/CharacterAI/Binaries/Win64/UE4Editor-CharacterAI.dll (API version 3944462).
LogModuleManager: Display: Found up-to-date module file ../../../Engine/Plugins/Experimental/HTML5Networking/Binaries/Win64/UE4Editor-HTML5Networking.dll (API version 3944462).
LogModuleManager: Display: Found up-to-date module file ../../../Engine/Plugins/Media/AndroidMedia/Binaries/Win64/UE4Editor-AndroidMediaEditor.dll (API version 3944462).
LogModuleManager: Display: Found up-to-date module file ../../../Engine/Plugins/Media/AndroidMedia/Binaries/Win64/UE4Editor-AndroidMediaFactory.dll (API version 3944462).
LogModuleManager: Display: Found up-to-date module file ../../../Engine/Plugins/Media/AvfMedia/Binaries/Win64/UE4Editor-AvfMediaEditor.dll (API version 3944462).
LogModuleManager: Display: Found up-to-date module file ../../../Engine/Plugins/Media/AvfMedia/Binaries/Win64/UE4Editor-AvfMediaFactory.dll (API version 3944462).
LogModuleManager: Display: Found up-to-date module file ../../../Engine/Plugins/Media/AvfMedia/Binaries/Win64/UE4Editor-AvfMediaFactory.dll (API version 3944462).
LogModuleManager: Display: Found up-to-date module file ../../../Engine/Plugins/Media/ImgMedia/Binaries/Win64/UE4Editor-ImgMedia.dll (API version 3944462).
LogModuleManager: Display: Found up-to-date module file ../../../Engine/Plugins/Media/ImgMedia/Binaries/Win64/UE4Editor-ImgMediaEditor.dll (API version 3944462).
LogModuleManager: Display: Found up-to-date module file ../../../Engine/Plugins/Media/ImgMedia/Binaries/Win64/UE4Editor-ImgMediaFactory.dll (API version 3944462).
LogModuleManager: Display: Found up-to-date module file ../../../Engine/Plugins/Media/ImgMedia/Binaries/Win64/UE4Editor-ImgMediaFactory.dll (API version 3944462).
LogModuleManager: Display: Found up-to-date module file ../../../Engine/Plugins/Media/ImgMedia/Binaries/Win64/UE4Editor-OpenExrWrapper.dll (API version 3944462).
LogModuleManager: Display: Found up-to-date module file ../../../Engine/Plugins/Media/LinearTimecode/Binaries/Win64/UE4Editor-LinearTimecode.dll (API version 3944462).
LogModuleManager: Display: Found up-to-date module file ../../../Engine/Plugins/Media/MediaCompositing/Binaries/Win64/UE4Editor-MediaCompositing.dll (API version 3944462).
LogModuleManager: Display: Found up-to-date module file ../../../Engine/Plugins/Media/MediaCompositing/Binaries/Win64/UE4Editor-MediaCompositingEditor.dll (API version 3944462).
LogModuleManager: Display: Found up-to-date module file ../../../Engine/Plugins/Media/MediaPlayerEditor/Binaries/Win64/UE4Editor-MediaPlayerEditor.dll (API version 3944462).
LogModuleManager: Display: Found up-to-date module file ../../../Engine/Plugins/Media/WmfMedia/Binaries/Win64/UE4Editor-WmfMedia.dll (API version 3944462).
LogModuleManager: Display: Found up-to-date module file ../../../Engine/Plugins/Media/WmfMedia/Binaries/Win64/UE4Editor-WmfMediaEditor.dll (API version 3944462).
LogModuleManager: Display: Found up-to-date module file ../../../Engine/Plugins/Media/WmfMedia/Binaries/Win64/UE4Editor-WmfMediaFactory.dll (API version 3944462).
LogModuleManager: Display: Found up-to-date module file ../../../Engine/Plugins/Media/WmfMedia/Binaries/Win64/UE4Editor-WmfMediaFactory.dll (API version 3944462).
LogModuleManager: Display: Found up-to-date module file ../../../Engine/Plugins/Messaging/TcpMessaging/Binaries/Win64/UE4Editor-TcpMessaging.dll (API version 3944462).
LogModuleManager: Display: Found up-to-date module file ../../../Engine/Plugins/Messaging/UdpMessaging/Binaries/Win64/UE4Editor-UdpMessaging.dll (API version 3944462).
LogModuleManager: Display: Found up-to-date module file ../../../Engine/Plugins/MovieScene/ActorSequence/Binaries/Win64/UE4Editor-ActorSequence.dll (API version 3944462).
LogModuleManager: Display: Found up-to-date module file ../../../Engine/Plugins/MovieScene/LevelSequenceEditor/Binaries/Win64/UE4Editor-LevelSequenceEditor.dll (API version 3944462).
LogModuleManager: Display: Found up-to-date module file ../../../Engine/Plugins/MovieScene/MatineeToLevelSequence/Binaries/Win64/UE4Editor-MatineeToLevelSequence.dll (API version 3944462).
LogModuleManager: Display: Found up-to-date module file ../../../Engine/Plugins/NetcodeUnitTest/NetcodeUnitTest/Binaries/Win64/UE4Editor-NetcodeUnitTest.dll (API version 3944462).
LogModuleManager: Display: Found up-to-date module file ../../../Engine/Plugins/NetcodeUnitTest/NUTUnrealEngine4/Binaries/Win64/UE4Editor-NUTUnrealEngine4.dll (API version 3944462).
LogModuleManager: Display: Found up-to-date module file ../../../Engine/Plugins/Online/OnlineSubsystem/Binaries/Win64/UE4Editor-OnlineSubsystem.dll (API version 3944462).
LogModuleManager: Display: Found up-to-date module file ../../../Engine/Plugins/Runtime/AndroidPermission/Binaries/Win64/UE4Editor-AndroidPermission.dll (API version 3944462).
LogModuleManager: Display: Found up-to-date module file ../../../Engine/Plugins/Online/OnlineSubsystemNull/Binaries/Win64/UE4Editor-OnlineSubsystemNull.dll (API version 3944462).
LogModuleManager: Display: Found up-to-date module file ../../../Engine/Plugins/Online/OnlineSubsystemUtils/Binaries/Win64/UE4Editor-OnlineSubsystemUtils.dll (API version 3944462).
LogModuleManager: Display: Found up-to-date module file ../../../Engine/Plugins/Online/OnlineSubsystemUtils/Binaries/Win64/UE4Editor-OnlineBlueprintSupport.dll (API version 3944462).
LogModuleManager: Display: Found up-to-date module file ../../../Engine/Plugins/Runtime/AndroidDeviceProfileSelector/Binaries/Win64/UE4Editor-AndroidDeviceProfileSelector.dll (API version 3944462).
LogModuleManager: Display: Found up-to-date module file ../../../Engine/Plugins/Runtime/AppleARKit/Binaries/Win64/UE4Editor-AppleARKit.dll (API version 3944462).
LogModuleManager: Display: Found up-to-date module file ../../../Engine/Plugins/Runtime/ProceduralMeshComponent/Binaries/Win64/UE4Editor-ProceduralMeshComponent.dll (API version 3944462).
LogModuleManager: Display: Found up-to-date module file ../../../Engine/Plugins/Runtime/ProceduralMeshComponent/Binaries/Win64/UE4Editor-ProceduralMeshComponentEditor.dll (API version 3944462).
LogModuleManager: Display: Found up-to-date module file ../../../Engine/Plugins/Animation/LiveLink/Binaries/Win64/UE4Editor-LiveLink.dll (API version 3944462).
LogModuleManager: Display: Found up-to-date module file ../../../Engine/Plugins/Animation/LiveLink/Binaries/Win64/UE4Editor-LiveLinkEditor.dll (API version 3944462).
LogModuleManager: Display: Found up-to-date module file ../../../Engine/Plugins/Runtime/ArchVisCharacter/Binaries/Win64/UE4Editor-ArchVisCharacter.dll (API version 3944462).
LogModuleManager: Display: Found up-to-date module file ../../../Engine/Plugins/Runtime/AudioCapture/Binaries/Win64/UE4Editor-AudioCapture.dll (API version 3944462).
LogModuleManager: Display: Found up-to-date module file ../../../Engine/Plugins/Runtime/AudioCapture/Binaries/Win64/UE4Editor-AudioCaptureEditor.dll (API version 3944462).
LogModuleManager: Display: Found up-to-date module file ../../../Engine/Plugins/Runtime/CableComponent/Binaries/Win64/UE4Editor-CableComponent.dll (API version 3944462).
LogModuleManager: Display: Found up-to-date module file ../../../Engine/Plugins/Runtime/CustomMeshComponent/Binaries/Win64/UE4Editor-CustomMeshComponent.dll (API version 3944462).
LogModuleManager: Display: Found up-to-date module file ../../../Engine/Plugins/Runtime/ExampleDeviceProfileSelector/Binaries/Win64/UE4Editor-ExampleDeviceProfileSelector.dll (API version 3944462).
LogModuleManager: Display: Found up-to-date module file ../../../Engine/Plugins/Runtime/ImmediatePhysics/Binaries/Win64/UE4Editor-ImmediatePhysics.dll (API version 3944462).
LogModuleManager: Display: Found up-to-date module file ../../../Engine/Plugins/Runtime/ImmediatePhysics/Binaries/Win64/UE4Editor-ImmediatePhysicsEditor.dll (API version 3944462).
LogModuleManager: Display: Found up-to-date module file ../../../Engine/Plugins/Runtime/LocationServicesBPLibrary/Binaries/Win64/UE4Editor-LocationServicesBPLibrary.dll (API version 3944462).
LogModuleManager: Display: Found up-to-date module file ../../../Engine/Plugins/Runtime/MobilePatchingUtils/Binaries/Win64/UE4Editor-MobilePatchingUtils.dll (API version 3944462).
LogModuleManager: Display: Found up-to-date module file ../../../Engine/Plugins/Runtime/Oculus/OculusVR/Binaries/Win64/UE4Editor-OculusHMD.dll (API version 3944462).
LogModuleManager: Display: Found up-to-date module file ../../../Engine/Plugins/Runtime/Oculus/OculusVR/Binaries/Win64/UE4Editor-OculusInput.dll (API version 3944462).
LogModuleManager: Display: Found up-to-date module file ../../../Engine/Plugins/Runtime/Oculus/OculusVR/Binaries/Win64/UE4Editor-OculusEditor.dll (API version 3944462).
LogModuleManager: Display: Found up-to-date module file ../../../Engine/Plugins/Runtime/PhysXVehicles/Binaries/Win64/UE4Editor-PhysXVehicles.dll (API version 3944462).
LogModuleManager: Display: Found up-to-date module file ../../../Engine/Plugins/Runtime/PhysXVehicles/Binaries/Win64/UE4Editor-PhysXVehiclesEditor.dll (API version 3944462).
LogModuleManager: Display: Found up-to-date module file ../../../Engine/Plugins/Runtime/RuntimePhysXCooking/Binaries/Win64/UE4Editor-RuntimePhysXCooking.dll (API version 3944462).
LogModuleManager: Display: Found up-to-date module file ../../../Engine/Plugins/Runtime/Steam/SteamVR/Binaries/Win64/UE4Editor-SteamVR.dll (API version 3944462).
LogModuleManager: Display: Found up-to-date module file ../../../Engine/Plugins/Runtime/Steam/SteamVR/Binaries/Win64/UE4Editor-SteamVRController.dll (API version 3944462).
LogModuleManager: Display: Found up-to-date module file ../../../Engine/Plugins/Runtime/WindowsMoviePlayer/Binaries/Win64/UE4Editor-WindowsMoviePlayer.dll (API version 3944462).
LogPluginManager: Mounting plugin Paper2D
LogPluginManager: Mounting plugin LiveLink
LogPluginManager: Mounting plugin LightPropagationVolume
LogPluginManager: Mounting plugin CLionSourceCodeAccess
LogPluginManager: Mounting plugin CodeLiteSourceCodeAccess
LogPluginManager: Mounting plugin GitSourceControl
LogPluginManager: Mounting plugin KDevelopSourceCodeAccess
LogPluginManager: Mounting plugin NullSourceCodeAccess
LogPluginManager: Mounting plugin PerforceSourceControl
LogPluginManager: Mounting plugin SubversionSourceControl
LogPluginManager: Mounting plugin UObjectPlugin
LogPluginManager: Mounting plugin VisualStudioCodeSourceCodeAccess
LogPluginManager: Mounting plugin VisualStudioSourceCodeAccess
LogPluginManager: Mounting plugin XCodeSourceCodeAccess
LogPluginManager: Mounting plugin AssetManagerEditor
LogPluginManager: Mounting plugin CryptoKeys
LogPluginManager: Mounting plugin DataValidation
LogPluginManager: Mounting plugin FacialAnimation
LogPluginManager: Mounting plugin GameplayTagsEditor
LogPluginManager: Mounting plugin MobileLauncherProfileWizard
LogPluginManager: Mounting plugin PluginBrowser
LogPluginManager: Mounting plugin SpeedTreeImporter
LogPluginManager: Mounting plugin DatasmithContent
LogPluginManager: Mounting plugin AlembicImporter
LogPluginManager: Mounting plugin CharacterAI
LogPluginManager: Mounting plugin HTML5Networking
LogPluginManager: Mounting plugin AndroidMedia
LogPluginManager: Mounting plugin AvfMedia
LogPluginManager: Mounting plugin ImgMedia
LogPluginManager: Mounting plugin LinearTimecode
LogPluginManager: Mounting plugin MediaCompositing
LogPluginManager: Mounting plugin MediaPlayerEditor
LogPluginManager: Mounting plugin WmfMedia
LogPluginManager: Mounting plugin TcpMessaging
LogPluginManager: Mounting plugin UdpMessaging
LogPluginManager: Mounting plugin ActorSequence
LogPluginManager: Mounting plugin LevelSequenceEditor
LogPluginManager: Mounting plugin MatineeToLevelSequence
LogPluginManager: Mounting plugin NetcodeUnitTest
LogPluginManager: Mounting plugin NUTUnrealEngine4
LogPluginManager: Mounting plugin OnlineSubsystemGooglePlay
LogPluginManager: Mounting plugin OnlineSubsystemIOS
LogPluginManager: Mounting plugin OnlineSubsystem
LogPluginManager: Mounting plugin OnlineSubsystemNull
LogPluginManager: Mounting plugin OnlineSubsystemUtils
LogPluginManager: Mounting plugin AndroidDeviceProfileSelector
LogPluginManager: Mounting plugin AndroidMoviePlayer
LogPluginManager: Mounting plugin AndroidPermission
LogPluginManager: Mounting plugin AppleARKit
LogPluginManager: Mounting plugin AppleMoviePlayer
LogPluginManager: Mounting plugin ArchVisCharacter
LogPluginManager: Mounting plugin AudioCapture
LogPluginManager: Mounting plugin CableComponent
LogPluginManager: Mounting plugin CustomMeshComponent
LogPluginManager: Mounting plugin ExampleDeviceProfileSelector
LogPluginManager: Mounting plugin GoogleCloudMessaging
LogPluginManager: Mounting plugin ImmediatePhysics
LogPluginManager: Mounting plugin IOSDeviceProfileSelector
LogPluginManager: Mounting plugin LinuxDeviceProfileSelector
LogPluginManager: Mounting plugin LocationServicesBPLibrary
LogPluginManager: Mounting plugin MobilePatchingUtils
LogPluginManager: Mounting plugin OculusVR
LogPluginManager: Plugin shader directory ../../../Engine/Plugins/Runtime/Oculus/OculusVR/Shaders found
LogPluginManager: Mapping shader source directory ../../../Engine/Plugins/Runtime/Oculus/OculusVR/Shaders to virtual directory /Plugin/OculusVR
LogPluginManager: Mounting plugin PhysXVehicles
LogPluginManager: Mounting plugin ProceduralMeshComponent
LogPluginManager: Mounting plugin RuntimePhysXCooking
LogPluginManager: Mounting plugin SteamVR
LogPluginManager: Mounting plugin WindowsMoviePlayer
LogStreaming: Display: Took  4.108s to configure plugins.
LogInit: Using libcurl 7.47.1
LogInit:  - built for x86_64-pc-win32
LogInit:  - supports SSL with OpenSSL/1.0.2g
LogInit:  - supports HTTP deflate (compression) using libz 1.2.8
LogInit:  - other features:
LogInit:      CURL_VERSION_SSL
LogInit:      CURL_VERSION_LIBZ
LogInit:      CURL_VERSION_IPV6
LogInit:      CURL_VERSION_ASYNCHDNS
LogInit:      CURL_VERSION_LARGEFILE
LogInit:      CURL_VERSION_IDN
LogInit:  CurlRequestOptions (configurable via config and command line):
LogInit:  - bVerifyPeer = false  - Libcurl will NOT verify peer certificate
LogInit:  - bUseHttpProxy = false  - Libcurl will NOT use HTTP proxy
LogInit:  - bDontReuseConnections = false  - Libcurl will reuse connections
LogInit:  - CertBundlePath = nullptr  - Libcurl will use whatever was configured at build time.
LogInit:  - MaxHostConnections = 16  - Libcurl will limit the number of connections to a host
LogInit:  - LocalHostAddr = Default
LogInit: WinSock: version 1.1 (2.2), MaxSocks=32767, MaxUdp=65467
LogInit: WinSock: I am MSI (192.168.137.1:0)
LogInit: Build: ++UE4+Release-4.19-CL-4033788
LogInit: Engine Version: 4.19.2-4033788+++UE4+Release-4.19
LogInit: Compatible Engine Version: 4.19.0-3944462+++UE4+Release-4.19
LogInit: Net CL: 3944462
LogDevObjectVersion: Number of dev versions registered: 18
LogDevObjectVersion:   Dev-Blueprints (B0D832E4-1F89-4F0D-ACCF-7EB736FD4AA2): 10
LogDevObjectVersion:   Dev-Build (E1C64328-A22C-4D53-A36C-8E866417BD8C): 0
LogDevObjectVersion:   Dev-Core (375EC13C-06E4-48FB-B500-84F0262A717E): 2
LogDevObjectVersion:   Dev-Editor (E4B068ED-F494-42E9-A231-DA0B2E46BB41): 23
LogDevObjectVersion:   Dev-Framework (CFFC743F-43B0-4480-9391-14DF171D2073): 33
LogDevObjectVersion:   Dev-Mobile (B02B49B5-BB20-44E9-A304-32B752E40360): 2
LogDevObjectVersion:   Dev-Networking (A4E4105C-59A1-49B5-A7C5-40C4547EDFEE): 0
LogDevObjectVersion:   Dev-Online (39C831C9-5AE6-47DC-9A44-9C173E1C8E7C): 0
LogDevObjectVersion:   Dev-Physics (78F01B33-EBEA-4F98-B9B4-84EACCB95AA2): 0
LogDevObjectVersion:   Dev-Platform (6631380F-2D4D-43E0-8009-CF276956A95A): 0
LogDevObjectVersion:   Dev-Rendering (12F88B9F-8875-4AFC-A67C-D90C383ABD29): 25
LogDevObjectVersion:   Dev-Sequencer (7B5AE74C-D270-4C10-A958-57980B212A5A): 6
LogDevObjectVersion:   Dev-VR (D7296918-1DD6-4BDD-9DE2-64A83CC13884): 1
LogDevObjectVersion:   Dev-LoadTimes (C2A15278-BFE7-4AFE-6C17-90FF531DF755): 1
LogDevObjectVersion:   Private-Geometry (6EACA3D4-40EC-4CC1-B786-8BED09428FC5): 2
LogDevObjectVersion:   Dev-AnimPhys (29E575DD-E0A3-4627-9D10-D276232CDCEA): 16
LogDevObjectVersion:   Dev-ReflectionCapture (6B266CEC-1EC7-4B8F-A30B-E4D90942FC07): 1
LogDevObjectVersion:   Dev-Automation (0DF73D61-A23F-47EA-B727-89E90C41499A): 1
LogInit: Compiled (64-bit): Apr 27 2018 02:06:57
LogInit: Compiled with Visual C++: 19.00.24215.01
LogInit: Build Configuration: Development
LogInit: Branch Name: ++UE4+Release-4.19
LogInit: Command Line:  
LogInit: Base Directory: C:/Program Files/Epic Games/UE_4.19/Engine/Binaries/Win64/
LogInit: Installed Engine Build: 1
LogStreaming: Display: Took  0.001s to delete old logs.
LogInit: Presizing for max 8388607 objects, including 0 objects not considered by GC, pre-allocating 0 bytes for permanent pool.
LogInit: Object subsystem initialized
[2019.10.16-23.29.44:845][  0]LogInit: Selected Device Profile: [Windows]
[2019.10.16-23.29.44:845][  0]LogInit: Applying CVar settings loaded from the selected device profile: [Windows]
[2019.10.16-23.29.44:983][  0]LogInit: Computer: MSI
[2019.10.16-23.29.44:983][  0]LogInit: User: nmaga
[2019.10.16-23.29.44:983][  0]LogInit: CPU Page size=4096, Cores=4
[2019.10.16-23.29.44:983][  0]LogInit: High frequency timer resolution =2.250001 MHz
[2019.10.16-23.29.44:983][  0]LogMemory: Memory total: Physical=7.9GB (8GB approx)
[2019.10.16-23.29.44:983][  0]LogMemory: Platform Memory Stats for Windows
[2019.10.16-23.29.44:983][  0]LogMemory: Process Physical Memory: 273.96 MB used, 273.96 MB peak
[2019.10.16-23.29.44:983][  0]LogMemory: Process Virtual Memory: 264.60 MB used, 264.60 MB peak
[2019.10.16-23.29.44:983][  0]LogMemory: Physical Memory: 3604.38 MB used,  4435.03 MB free, 8039.41 MB total
[2019.10.16-23.29.44:983][  0]LogMemory: Virtual Memory: 4795.61 MB used,  4435.03 MB free, 134217728.00 MB total
[2019.10.16-23.29.46:046][  0]LogInit: Using OS detected language (en-US).
[2019.10.16-23.29.46:046][  0]LogInit: Using OS detected locale (en-US).
[2019.10.16-23.29.46:316][  0]LogTextLocalizationManager: No specific localization for 'en-US' exists, so the 'en' localization will be used.
[2019.10.16-23.29.48:865][  0]LogStreaming: Display: Took  2.783s to EndInitTextLocalization.
[2019.10.16-23.29.48:889][  0]LogInit: Setting process to per monitor DPI aware
[2019.10.16-23.29.50:371][  0]LogSlate: New Slate User Created.  User Index 0, Is Virtual User: 0
[2019.10.16-23.29.50:371][  0]LogSlate: Slate User Registered.  User Index 0, Is Virtual User: 0
[2019.10.16-23.29.53:016][  0]LogD3D11RHI: D3D11 adapters:
[2019.10.16-23.29.54:797][  0]LogD3D11RHI:    0. 'NVIDIA GeForce GTX 1050' (Feature Level 11_0)
[2019.10.16-23.29.54:797][  0]LogD3D11RHI:       1979/0/4019 MB DedicatedVideo/DedicatedSystem/SharedSystem, Outputs:1, VendorId:0x10de
[2019.10.16-23.29.54:818][  0]LogD3D11RHI:    1. 'Intel(R) UHD Graphics 630' (Feature Level 11_0)
[2019.10.16-23.29.54:818][  0]LogD3D11RHI:       128/0/4019 MB DedicatedVideo/DedicatedSystem/SharedSystem, Outputs:0, VendorId:0x8086
[2019.10.16-23.29.54:820][  0]LogD3D11RHI:    2. 'Microsoft Basic Render Driver' (Feature Level 11_0)
[2019.10.16-23.29.54:820][  0]LogD3D11RHI:       0/0/4019 MB DedicatedVideo/DedicatedSystem/SharedSystem, Outputs:0, VendorId:0x1414
[2019.10.16-23.29.54:820][  0]LogD3D11RHI: Chosen D3D11 Adapter: 0
[2019.10.16-23.29.54:867][  0]LogD3D11RHI: Creating new Direct3DDevice
[2019.10.16-23.29.54:869][  0]LogD3D11RHI:     GPU DeviceId: 0x1c8d (for the marketing name, search the web for "GPU Device Id")
[2019.10.16-23.29.54:869][  0]LogWindows: EnumDisplayDevices:
[2019.10.16-23.29.54:869][  0]LogWindows:    0. 'Intel(R) UHD Graphics 630' (P:1 D:1)
[2019.10.16-23.29.54:870][  0]LogWindows:    1. 'Intel(R) UHD Graphics 630' (P:0 D:0)
[2019.10.16-23.29.54:870][  0]LogWindows:    2. 'Intel(R) UHD Graphics 630' (P:0 D:0)
[2019.10.16-23.29.54:870][  0]LogWindows: DebugString: GetVideoDriverDetailsInvalid PrimaryIsNotTheChoosenAdapter GetVideoDriverDetailsInvalid PrimaryIsNotTheChoosenAdapter GetVideoDriverDetailsInvalid PrimaryIsNotTheChoosenAdapter FoundDriverCount:0 
[2019.10.16-23.29.54:870][  0]LogD3D11RHI:     Adapter Name: NVIDIA GeForce GTX 1050
[2019.10.16-23.29.54:870][  0]LogD3D11RHI:   Driver Version: Unknown (internal:Unknown, unified:Unknown)
[2019.10.16-23.29.54:870][  0]LogD3D11RHI:      Driver Date: Unknown
[2019.10.16-23.29.54:870][  0]LogRHI: Texture pool is 1385 MB (70% of 1979 MB)
[2019.10.16-23.29.56:121][  0]LogD3D11RHI: [Aftermath] Aftermath enabled and primed
[2019.10.16-23.29.56:121][  0]LogD3D11RHI: [Aftermath] Aftermath enabled and primed
[2019.10.16-23.29.56:121][  0]LogD3D11RHI: Async texture creation enabled
[2019.10.16-23.29.56:942][  0]LogD3D11RHI: GPU Timing Frequency: 1000.000000 (Debug: 2 1)
[2019.10.16-23.29.57:265][  0]LogShaderCompilers: Guid format shader working directory is -15 characters bigger than the processId version (D:/Desktop/Senior Design/CustomShaders2/CustomShadersStarter/Intermediate/Shaders/WorkingDirectory/12604/).
[2019.10.16-23.29.57:288][  0]LogShaderCompilers: Cleaned the shader compiler working directory 'C:/Users/nmaga/AppData/Local/Temp/UnrealShaderWorkingDir/ED4BA6894404E261EE2FB7AFF74C7BE2/'.
[2019.10.16-23.29.58:743][  0]LogTemp: Display: Loaded TP AllDesktopTargetPlatform
[2019.10.16-23.29.58:773][  0]LogTemp: Display: Loaded TP MacClientTargetPlatform
[2019.10.16-23.29.58:804][  0]LogTemp: Display: Loaded TP MacNoEditorTargetPlatform
[2019.10.16-23.29.58:830][  0]LogTemp: Display: Loaded TP MacServerTargetPlatform
[2019.10.16-23.29.58:869][  0]LogTemp: Display: Loaded TP MacTargetPlatform
[2019.10.16-23.29.58:900][  0]LogTemp: Display: Loaded TP WindowsClientTargetPlatform
[2019.10.16-23.29.58:934][  0]LogTemp: Display: Loaded TP WindowsNoEditorTargetPlatform
[2019.10.16-23.29.58:953][  0]LogTemp: Display: Loaded TP WindowsServerTargetPlatform
[2019.10.16-23.29.58:973][  0]LogTemp: Display: Loaded TP WindowsTargetPlatform
[2019.10.16-23.29.59:002][  0]LogTemp: Display: Loaded TP Android_ASTCTargetPlatform
[2019.10.16-23.29.59:022][  0]LogTemp: Display: Loaded TP Android_ATCTargetPlatform
[2019.10.16-23.29.59:039][  0]LogTemp: Display: Loaded TP Android_DXTTargetPlatform
[2019.10.16-23.29.59:063][  0]LogTemp: Display: Loaded TP Android_ETC1aTargetPlatform
[2019.10.16-23.29.59:082][  0]LogTemp: Display: Loaded TP Android_ETC1TargetPlatform
[2019.10.16-23.29.59:099][  0]LogTemp: Display: Loaded TP Android_ETC2TargetPlatform
[2019.10.16-23.29.59:143][  0]LogTemp: Display: Loaded TP Android_MultiTargetPlatform
[2019.10.16-23.29.59:144][  0]LogTemp: Display: Loaded TP Android_PVRTCTargetPlatform
[2019.10.16-23.29.59:185][  0]LogTemp: Display: Loaded TP AndroidTargetPlatform
[2019.10.16-23.29.59:208][  0]LogTemp: Display: Loaded TP HTML5TargetPlatform
[2019.10.16-23.29.59:313][  0]LogTemp: Display: Loaded TP IOSTargetPlatform
[2019.10.16-23.29.59:336][  0]LogTemp: Display: Loaded TP TVOSTargetPlatform
[2019.10.16-23.29.59:357][  0]LogTemp: Display: Loaded TP LinuxClientTargetPlatform
[2019.10.16-23.29.59:368][  0]LogTemp: Display: Loaded TP LinuxNoEditorTargetPlatform
[2019.10.16-23.29.59:419][  0]LogTemp: Display: Loaded TP LinuxServerTargetPlatform
[2019.10.16-23.29.59:444][  0]LogTemp: Display: Loaded TP LinuxTargetPlatform
[2019.10.16-23.29.59:444][  0]LogTargetPlatformManager: Display: Building Assets For Windows
[2019.10.16-23.30.00:394][  0]LogXGEController: Cleaning working directory: C:/Users/nmaga/AppData/Local/Temp/UnrealXGEWorkingDir/
[2019.10.16-23.30.00:395][  0]LogXGEController: Cannot use XGE Controller as Incredibuild is not installed on this machine.
[2019.10.16-23.30.00:399][  0]LogShaderCompilers: Cannot use XGE Shader Compiler as Incredibuild is not installed on this machine.
[2019.10.16-23.30.00:399][  0]LogShaderCompilers: Display: Using Local Shader Compiler.
[2019.10.16-23.30.03:864][  0]LogDerivedDataCache: Display: Max Cache Size: 512 MB
[2019.10.16-23.30.04:583][  0]LogDerivedDataCache: Loaded boot cache 0.71s 74MB C:/Users/nmaga/AppData/Local/UnrealEngine/4.19/DerivedDataCache/Boot.ddc.
[2019.10.16-23.30.04:583][  0]LogDerivedDataCache: Display: Loaded Boot cache: C:/Users/nmaga/AppData/Local/UnrealEngine/4.19/DerivedDataCache/Boot.ddc
[2019.10.16-23.30.04:583][  0]LogDerivedDataCache: FDerivedDataBackendGraph:  Pak pak cache file D:/Desktop/Senior Design/CustomShaders2/CustomShadersStarter/DerivedDataCache/DDC.ddp not found, will not use a pak cache.
[2019.10.16-23.30.04:583][  0]LogDerivedDataCache: Unable to find inner node Pak for hierarchical cache Hierarchy.
[2019.10.16-23.30.04:583][  0]LogDerivedDataCache: FDerivedDataBackendGraph:  CompressedPak pak cache file D:/Desktop/Senior Design/CustomShaders2/CustomShadersStarter/DerivedDataCache/Compressed.ddp not found, will not use a pak cache.
[2019.10.16-23.30.04:583][  0]LogDerivedDataCache: Unable to find inner node CompressedPak for hierarchical cache Hierarchy.
[2019.10.16-23.30.04:678][  0]LogDerivedDataCache: Display: Pak cache opened for reading ../../../Engine/DerivedDataCache/Compressed.ddp.
[2019.10.16-23.30.04:713][  0]LogDerivedDataCache: Using Local data cache path C:/Users/nmaga/AppData/Local/UnrealEngine/Common/DerivedDataCache: Writable
[2019.10.16-23.30.04:713][  0]LogDerivedDataCache: Shared data cache path not found in *engine.ini, will not use an Shared cache.
[2019.10.16-23.30.04:713][  0]LogDerivedDataCache: Unable to find inner node Shared for hierarchical cache Hierarchy.
[2019.10.16-23.30.04:797][  0]LogMaterial: Verifying Global Shaders for PCD3D_SM5
[2019.10.16-23.30.04:863][  0]LogSlate: Using Freetype 2.6.0
[2019.10.16-23.30.04:954][  0]LogSlate: SlateFontCache - WITH_FREETYPE: 1, WITH_HARFBUZZ: 1
[2019.10.16-23.30.04:954][  0]LogSlate: SlateFontCache - WITH_FREETYPE: 1, WITH_HARFBUZZ: 1
[2019.10.16-23.30.09:093][  0]LogAssetRegistry: FAssetRegistry took 0.0284 seconds to start up
[2019.10.16-23.30.13:175][  0]LogInit: Selected Device Profile: [Windows]
[2019.10.16-23.30.16:848][  0]LogSimplygon: Simplygon DLL not present - disabling.
[2019.10.16-23.30.16:870][  0]LogMeshReduction: Using SimplygonSwarm for distributed automatic mesh merging
[2019.10.16-23.30.16:871][  0]LogMeshReduction: Using QuadricMeshReduction for automatic static mesh reduction
[2019.10.16-23.30.16:871][  0]LogMeshReduction: No automatic skeletal mesh reduction module available
[2019.10.16-23.30.16:871][  0]LogMeshReduction: No automatic mesh merging module available
[2019.10.16-23.30.16:871][  0]LogMeshMerging: No automatic mesh merging module available
[2019.10.16-23.30.17:302][  0]LogNetVersion: CustomShaders , NetCL: 3944462, EngineNetVer: 2, GameNetVer: 0 (Checksum: 1926741155)
[2019.10.16-23.30.21:614][  0]LogPackageLocalizationCache: Processed 9 localized package path(s) for 2 prioritized culture(s) in 0.181307 seconds
[2019.10.16-23.30.21:649][  0]LogUObjectArray: 36728 objects as part of root set at end of initial load.
[2019.10.16-23.30.21:649][  0]LogUObjectAllocator: 7314312 out of 0 bytes used by permanent object pool.
[2019.10.16-23.30.21:649][  0]LogUObjectArray: CloseDisregardForGC: 0/0 objects in disregard for GC pool
[2019.10.16-23.30.53:980][  0]LogTcpMessaging: Initializing TcpMessaging bridge
[2019.10.16-23.30.54:097][  0]LogUdpMessaging: Initializing bridge on interface 0.0.0.0:0 to multicast group 230.0.0.1:6666.
[2019.10.16-23.30.55:930][  0]SourceControl: Source control is disabled
[2019.10.16-23.30.55:930][  0]SourceControl: Source control is disabled
[2019.10.16-23.30.56:285][  0]SourceControl: Source control is disabled
[2019.10.16-23.30.56:347][  0]SourceControl: Source control is disabled
[2019.10.16-23.30.59:175][  0]LogAndroidPermission: UAndroidPermissionCallbackProxy::GetInstance
[2019.10.16-23.31.00:333][  0]LogOcInput: OculusInput pre-init called
[2019.10.16-23.31.01:976][  0]LogEngine: Initializing Engine...
[2019.10.16-23.31.02:028][  0]LogHMD: Failed to initialize OpenVR with code 110
[2019.10.16-23.31.02:082][  0]LogStats: UGameplayTagsManager::ConstructGameplayTagTree: Construct from data asset -  0.000 s
[2019.10.16-23.31.02:082][  0]LogStats: UGameplayTagsManager::ConstructGameplayTagTree: GameplayTagTreeChangedEvent.Broadcast -  0.000 s
[2019.10.16-23.31.04:091][  0]LogAIModule: Creating AISystem for world Untitled
[2019.10.16-23.31.04:222][  0]LogInit: XAudio2 using 'Speakers (Realtek(R) Audio)' : 2 channels at 48 kHz using 32 bits per sample (channel mask 0x3)
[2019.10.16-23.31.04:447][  0]LogInit: FAudioDevice initialized.
[2019.10.16-23.31.05:246][  0]LogDerivedDataCache: Saved boot cache 0.80s 74MB C:/Users/nmaga/AppData/Local/UnrealEngine/4.19/DerivedDataCache/Boot.ddc.
[2019.10.16-23.31.05:329][  0]LogInit: Texture streaming: Enabled
[2019.10.16-23.31.05:485][  0]LogEngineSessionManager: EngineSessionManager initialized
[2019.10.16-23.31.08:787][  0]LogInit: Transaction tracking system initialized
[2019.10.16-23.31.11:390][  0]BlueprintLog: New page: Editor Load
[2019.10.16-23.31.13:633][  0]LocalizationService: Localization service is disabled
[2019.10.16-23.31.16:037][  0]LogConsoleResponse: Display: 
[2019.10.16-23.31.20:772][  0]LogFileCache: Scanning file cache for directory 'D:/Desktop/Senior Design/CustomShaders2/CustomShadersStarter/Content/' took 0.02s
[2019.10.16-23.31.20:772][  0]LogCook: Display: Max memory allowance for cook 16384mb min free memory 0mb
[2019.10.16-23.31.20:773][  0]LogCook: Display: Mobile HDR setting 1
[2019.10.16-23.31.20:773][  0]LogGameplayTags: Display: UGameplayTagsManager::DoneAddingNativeTags. DelegateIsBound: 0
[2019.10.16-23.31.20:773][  0]LogStats: UGameplayTagsManager::ConstructGameplayTagTree: Construct from data asset -  0.000 s
[2019.10.16-23.31.20:773][  0]LogStats: UGameplayTagsManager::ConstructGameplayTagTree: GameplayTagTreeChangedEvent.Broadcast -  0.000 s
[2019.10.16-23.31.26:742][  0]SourceControl: Source control is disabled
[2019.10.16-23.31.26:902][  0]Cmd: MAP LOAD FILE="D:/Desktop/Senior Design/CustomShaders2/CustomShadersStarter/Content/CustomShaders/Maps/Desaturate.umap" TEMPLATE=0 SHOWPROGRESS=1 FEATURELEVEL=3
[2019.10.16-23.31.27:073][  0]LightingResults: New page: Lighting Build
[2019.10.16-23.31.27:378][  0]MapCheck: New page: Map Check
[2019.10.16-23.31.27:378][  0]LightingResults: New page: Lighting Build
[2019.10.16-23.31.34:104][  0]LogUObjectGlobals: Created PersistentFrame Addr=0x0000020480a6a858, Size=4, Default__Desaturate_C Function /Game/CustomShaders/Maps/Desaturate.Desaturate_C:ExecuteUbergraph_Desaturate
[2019.10.16-23.31.34:130][  0]LogUObjectGlobals: Destroyed PersistentFrame Addr=0x0000020480a6a858, Size=4
[2019.10.16-23.31.34:130][  0]LogUObjectGlobals: Created PersistentFrame Addr=0x0000020480a6a858, Size=4, Default__Desaturate_C Function /Engine/Transient.REINST_Desaturate_C_5:ExecuteUbergraph_Desaturate
[2019.10.16-23.31.34:131][  0]LogUObjectGlobals: Created PersistentFrame Addr=0x0000020480a6aa00, Size=4, Default__Desaturate_C Function /Game/CustomShaders/Maps/Desaturate.Desaturate_C:ExecuteUbergraph_Desaturate
[2019.10.16-23.31.35:406][  0]LogSkeletalMesh: Skeletal Mesh found in DDC [186.394135ms] /Game/CustomShaders/Meshes/SK_Viking.SK_Viking
[2019.10.16-23.31.35:801][  0]LogAIModule: Creating AISystem for world Desaturate
[2019.10.16-23.31.37:083][  0]LogEditorServer: Finished looking for orphan Actors (0.000 secs)
[2019.10.16-23.31.37:263][  0]LogUObjectGlobals: Destroyed PersistentFrame Addr=0x0000020480a6a858, Size=4
[2019.10.16-23.31.37:342][  0]Cmd: MAP CHECKDEP NOCLEARLOG
[2019.10.16-23.31.37:408][  0]MapCheck: Map check complete: 0 Error(s), 0 Warning(s), took 66.178ms to complete.
[2019.10.16-23.31.37:408][  0]LogFileHelpers: Loading map 'Desaturate' took 10.575
[2019.10.16-23.31.41:052][  0]LogCollectionManager: Loaded 0 collections in 0.002028 seconds
[2019.10.16-23.31.41:568][  0]LogFileCache: Scanning file cache for directory 'D:/Desktop/Senior Design/CustomShaders2/CustomShadersStarter/Saved/Collections/' took 0.01s
[2019.10.16-23.31.41:568][  0]LogFileCache: Scanning file cache for directory 'D:/Desktop/Senior Design/CustomShaders2/CustomShadersStarter/Content/Developers/nmaga/Collections/' took 0.01s
[2019.10.16-23.31.41:568][  0]LogFileCache: Scanning file cache for directory 'D:/Desktop/Senior Design/CustomShaders2/CustomShadersStarter/Content/Collections/' took 0.01s
[2019.10.16-23.31.41:568][  0]LogCollectionManager: Rebuilt the GUID cache for 0 collections in 0.000000 seconds
[2019.10.16-23.31.41:591][  0]LogContentBrowser: Native class hierarchy populated in 0.0101 seconds. Added 2452 classes and 558 folders.
[2019.10.16-23.31.41:753][  0]LogContentBrowser: Native class hierarchy updated for 'WidgetCarousel' in 0.0003 seconds. Added 0 classes and 0 folders.
[2019.10.16-23.31.44:364][  0]LogContentBrowser: Native class hierarchy updated for 'AddContentDialog' in 0.0003 seconds. Added 0 classes and 0 folders.
[2019.10.16-23.31.44:611][  0]LogContentBrowser: Native class hierarchy updated for 'SceneOutliner' in 0.0003 seconds. Added 1 classes and 2 folders.
[2019.10.16-23.31.45:848][  0]LogSlate: Took 0.030499 seconds to synchronously load lazily loaded font '../../../Engine/Content/Slate/Fonts/Roboto-Regular.ttf' (155K)
[2019.10.16-23.31.45:926][  0]LogSlate: Took 0.075478 seconds to synchronously load lazily loaded font '../../../Engine/Content/Slate/Fonts/Roboto-Bold.ttf' (160K)
[2019.10.16-23.31.46:155][  0]LogSlate: Took 0.130482 seconds to synchronously load lazily loaded font '../../../Engine/Content/Editor/Slate/Fonts/FontAwesome.ttf' (139K)
[2019.10.16-23.31.46:998][  0]LogRenderer: Reallocating scene render targets to support 964x436 Format 10 NumSamples 1 (Frame:1).
[2019.10.16-23.31.49:305][  0]LogContentBrowser: Native class hierarchy updated for 'HierarchicalLODOutliner' in 0.0003 seconds. Added 0 classes and 0 folders.
[2019.10.16-23.31.49:305][  0]LogLoad: (Engine Initialization) Total time: 149.17 seconds
[2019.10.16-23.31.49:305][  0]LogLoad: (Engine Initialization) Total Blueprint compile time: 0.00 seconds
[2019.10.16-23.31.49:578][  0]LogContentStreaming: Texture pool size now 1000 MB
[2019.10.16-23.31.50:047][  0]LogSlate: Took 0.070264 seconds to synchronously load lazily loaded font '../../../Engine/Content/Slate/Fonts/Roboto-Light.ttf' (167K)
[2019.10.16-23.31.50:081][  1]LogAssetRegistry: Asset discovery search completed in 101.0113 seconds
[2019.10.16-23.31.50:083][  1]LogCollectionManager: Rebuilt the object cache for 0 collections in 0.000000 seconds (found 0 objects)
[2019.10.16-23.31.50:083][  1]LogCollectionManager: Fixed up redirectors for 0 collections in 0.000045 seconds (updated 0 objects)
[2019.10.16-23.34.47:894][272]LogSlate: FSceneViewport::OnFocusLost() reason 0
[2019.10.16-23.35.01:963][871]LogSlate: Took 0.021268 seconds to synchronously load lazily loaded font '../../../Engine/Content/Slate/Fonts/Roboto-Light.ttf' (167K)
[2019.10.16-23.35.03:658][871]LogAIModule: Creating AISystem for world GaussianBlur
[2019.10.16-23.35.03:923][871]Cmd: MAP LOAD FILE="D:/Desktop/Senior Design/CustomShaders2/CustomShadersStarter/Content/CustomShaders/Maps/GaussianBlur.umap" TEMPLATE=0 SHOWPROGRESS=1 FEATURELEVEL=3
[2019.10.16-23.35.03:923][871]LightingResults: New page: Lighting Build
[2019.10.16-23.35.03:924][871]LoadErrors: New page: Loading map: GaussianBlur.umap
[2019.10.16-23.35.04:002][871]MapCheck: New page: Map Check
[2019.10.16-23.35.04:002][871]LightingResults: New page: Lighting Build
[2019.10.16-23.35.04:040][871]LogUObjectGlobals: Destroyed PersistentFrame Addr=0x0000020480a6aa00, Size=4
[2019.10.16-23.35.04:092][871]LogEditorServer: Finished looking for orphan Actors (0.000 secs)
[2019.10.16-23.35.04:155][871]Cmd: MAP CHECKDEP NOCLEARLOG
[2019.10.16-23.35.04:221][871]MapCheck: Map check complete: 0 Error(s), 0 Warning(s), took 65.361ms to complete.
[2019.10.16-23.35.04:221][871]LogFileHelpers: Loading map 'GaussianBlur' took 0.342
